  % Total    % Received % Xferd  Average Speed   Time    Time     Time  Current
                                 Dload  Upload   Total   Spent    Left  Speed
  0     0    0     0    0     0      0      0 --:--:-- --:--:-- --:--:--     0*   Trying 127.0.0.1...
* TCP_NODELAY set
* Connected to localhost (127.0.0.1) port 5000 (#0)
> GET /?user=ls HTTP/1.1
> Host: localhost:5000
> User-Agent: curl/7.64.1
> Accept: */*
> 
< HTTP/1.1 200 OK
< Server: nginx/1.26.3
< Date: Mon, 08 Sep 2025 16:54:57 GMT
< Content-Type: text/html
< Content-Length: 615
< Last-Modified: Mon, 08 Sep 2025 16:21:47 GMT
< Connection: keep-alive
< ETag: "68bf029b-267"
< Accept-Ranges: bytes
< 
{ [615 bytes data]
100   615  100   615    0     0   200k      0 --:--:-- --:--:-- --:--:--  200k
* Connection #0 to host localhost left intact
<!DOCTYPE html>
<html>
<head>
<title>Welcome to nginx!</title>
<style>
html { color-scheme: light dark; }
body { width: 35em; margin: 0 auto;
font-family: Tahoma, Verdana, Arial, sans-serif; }
</style>
</head>
<body>
<h1>Welcome to nginx!</h1>
<p>If you see this page, the nginx web server is successfully installed and
working. Further configuration is required.</p>

<p>For online documentation and support please refer to
<a href="http://nginx.org/">nginx.org</a>.<br/>
Commercial support is available at
<a href="http://nginx.com/">nginx.com</a>.</p>

<p><em>Thank you for using nginx.</em></p>
</body>
</html>
* Closing connection 0
