npm warn tar TAR_ENTRY_ERROR EIO: i/o error, open '/app/node_modules/@fastify/static/test/static-dotfiles/.aaa'
npm warn tar TAR_ENTRY_ERROR EIO: i/o error, open '/app/node_modules/@types/node/assert.d.ts'
npm warn tar TAR_ENTRY_ERROR EIO: i/o error, open '/app/node_modules/glob/dist/commonjs/glob.js'
npm warn tar TAR_ENTRY_ERROR EIO: i/o error, open '/app/node_modules/semver/functions/clean.js'
npm warn tar TAR_ENTRY_ERROR EIO: i/o error, open '/app/node_modules/@fastify/merge-json-schemas/test/additional-items.test.js'
npm warn tar TAR_ENTRY_ERROR ENOENT: no such file or directory, lstat '/app/node_modules/find-my-way/lib/strategies'
npm warn tar TAR_ENTRY_ERROR EIO: i/o error, open '/app/node_modules/@fastify/send/node_modules/mime/index.js'
npm warn tar TAR_ENTRY_ERROR ENOENT: no such file or directory, lstat '/app/node_modules/avvio/test'
npm warn tar TAR_ENTRY_ERROR ENOENT: no such file or directory, lstat '/app/node_modules/fastify/test/logger'
npm warn tar TAR_ENTRY_ERROR ENOENT: no such file or directory, lstat '/app/node_modules/fast-json-stringify/test/fixtures'
npm warn tar TAR_ENTRY_ERROR EIO: i/o error, open '/app/node_modules/semver/functions/cmp.js'
npm warn tar TAR_ENTRY_ERROR EIO: i/o error, open '/app/node_modules/fast-json-stringify/node_modules/ajv/dist/2019.js'
npm warn tar TAR_ENTRY_ERROR EIO: i/o error, open '/app/node_modules/@fastify/merge-json-schemas/test/additional-properties.test.js'
npm warn tar TAR_ENTRY_ERROR EIO: i/o error, open '/app/node_modules/@fastify/send/test/fixtures/no_ext'
npm warn tar TAR_ENTRY_ERROR EIO: i/o error, open '/app/node_modules/@types/node/async_hooks.d.ts'
npm warn tar TAR_ENTRY_ERROR EIO: i/o error, open '/app/node_modules/@fastify/send/node_modules/mime/lite.js'
npm warn tar TAR_ENTRY_ERROR EIO: i/o error, open '/app/node_modules/fast-json-stringify/node_modules/ajv/dist/2020.js'
npm warn tar TAR_ENTRY_ERROR EIO: i/o error, open '/app/node_modules/semver/functions/coerce.js'
npm warn tar TAR_ENTRY_ERROR ENOENT: no such file or directory, lstat '/app/node_modules/esbuild/lib'
npm warn tar TAR_ENTRY_ERROR EIO: i/o error, open '/app/node_modules/@fastify/merge-json-schemas/test/all-of.test.js'
npm warn tar TAR_ENTRY_ERROR ENOENT: no such file or directory, lstat '/app/node_modules/@fastify/static/test/static'
npm warn tar TAR_ENTRY_ERROR ENOENT: no such file or directory, lstat '/app/node_modules/@fastify/send/examples'
npm warn tar TAR_ENTRY_ERROR ENOENT: no such file or directory, lstat '/app/node_modules/glob/dist/esm'
npm warn tar TAR_ENTRY_ERROR ENOENT: no such file or directory, lstat '/app/node_modules/avvio/test'
npm warn tar TAR_ENTRY_ERROR EIO: i/o error, open '/app/node_modules/fast-json-stringify/LICENSE'
npm warn tar TAR_ENTRY_ERROR EIO: i/o error, open '/app/node_modules/@fastify/send/node_modules/mime/Mime.js'
npm warn tar TAR_ENTRY_ERROR ENOENT: no such file or directory, lstat '/app/node_modules/semver/classes'
npm warn tar TAR_ENTRY_ERROR ENOENT: no such file or directory, lstat '/app/node_modules/fast-json-stringify/node_modules/ajv/dist/vocabularies'
npm warn tar TAR_ENTRY_ERROR EIO: i/o error, open '/app/node_modules/@fastify/merge-json-schemas/test/any-of.test.js'
npm warn tar TAR_ENTRY_ERROR EIO: i/o error, open '/app/node_modules/@types/node/buffer.buffer.d.ts'
npm warn tar TAR_ENTRY_ERROR ENOENT: no such file or directory, lstat '/app/node_modules/@fastify/send/node_modules/mime/types'
npm warn tar TAR_ENTRY_ERROR ENOENT: no such file or directory, lstat '/app/node_modules/find-my-way/lib/strategies'
npm warn tar TAR_ENTRY_ERROR EIO: i/o error, open '/app/node_modules/esbuild/package.json'
npm warn tar TAR_ENTRY_ERROR EIO: i/o error, open '/app/node_modules/@fastify/static/.gitattributes'
npm warn tar TAR_ENTRY_ERROR EIO: i/o error, open '/app/node_modules/fastify/test/decorator-namespace.test._js_'
npm warn tar TAR_ENTRY_ERROR EIO: i/o error, open '/app/node_modules/@fastify/merge-json-schemas/test/const.test.js'
npm warn tar TAR_ENTRY_ERROR EIO: i/o error, open '/app/node_modules/glob/dist/commonjs/has-magic.js'
npm warn tar TAR_ENTRY_ERROR ENOENT: no such file or directory, lstat '/app/node_modules/avvio/test'
npm warn tar TAR_ENTRY_ERROR EIO: i/o error, open '/app/node_modules/semver/functions/compare-build.js'
npm warn tar TAR_ENTRY_ERROR EIO: i/o error, open '/app/node_modules/esbuild/LICENSE.md'
npm warn tar TAR_ENTRY_ERROR ENOENT: no such file or directory, lstat '/app/node_modules/fast-json-stringify/node_modules/ajv/dist/vocabularies'
npm warn tar TAR_ENTRY_ERROR ENOENT: no such file or directory, lstat '/app/node_modules/fastify/docs'
npm warn tar TAR_ENTRY_ERROR EIO: i/o error, open '/app/node_modules/@types/node/buffer.d.ts'
npm warn tar TAR_ENTRY_ERROR EIO: i/o error, open '/app/node_modules/fast-json-stringify/test/additionalProperties.test.js'
npm warn tar TAR_ENTRY_ERROR EIO: i/o error, open '/app/node_modules/@fastify/merge-json-schemas/test/contains.test.js'
npm warn tar TAR_ENTRY_ERROR ENOENT: no such file or directory, lstat '/app/node_modules/@fastify/send/node_modules/mime/types'
npm warn tar TAR_ENTRY_ERROR ENOENT: no such file or directory, lstat '/app/node_modules/find-my-way/benchmark'
npm warn tar TAR_ENTRY_ERROR EIO: i/o error, open '/app/node_modules/semver/functions/compare-loose.js'
npm warn tar TAR_ENTRY_ERROR ENOENT: no such file or directory, lstat '/app/node_modules/@fastify/send/test/fixtures/pets'
npm warn tar TAR_ENTRY_ERROR EIO: i/o error, open '/app/node_modules/fast-json-stringify/test/allof.test.js'
npm warn tar TAR_ENTRY_ERROR EIO: i/o error, open '/app/node_modules/@fastify/merge-json-schemas/test/custom-resolvers.test.js'
npm warn tar TAR_ENTRY_ERROR ENOENT: no such file or directory, lstat '/app/node_modules/avvio/test'
npm warn tar TAR_ENTRY_ERROR ENOENT: no such file or directory, lstat '/app/node_modules/@fastify/static/test/static-pre-compressed'
npm warn tar TAR_ENTRY_ERROR EIO: i/o error, open '/app/node_modules/semver/functions/compare.js'
npm warn tar TAR_ENTRY_ERROR EIO: i/o error, open '/app/node_modules/esbuild/README.md'
npm warn tar TAR_ENTRY_ERROR EIO: i/o error, open '/app/node_modules/fast-json-stringify/node_modules/ajv/dist/ajv.js'
npm warn tar TAR_ENTRY_ERROR ENOENT: no such file or directory, lstat '/app/node_modules/glob/dist/esm'
npm warn tar TAR_ENTRY_ERROR EIO: i/o error, open '/app/node_modules/@types/node/child_process.d.ts'
npm warn tar TAR_ENTRY_ERROR ENOENT: no such file or directory, lstat '/app/node_modules/fastify/test/diagnostics-channel'
npm warn tar TAR_ENTRY_ERROR EIO: i/o error, open '/app/node_modules/@fastify/send/node_modules/mime/package.json'
npm warn tar TAR_ENTRY_ERROR EIO: i/o error, open '/app/node_modules/@fastify/merge-json-schemas/test/default-resolver.test.js'
npm warn tar TAR_ENTRY_ERROR ENOENT: no such file or directory, lstat '/app/node_modules/find-my-way/benchmark'
npm warn tar TAR_ENTRY_ERROR ENOENT: no such file or directory, lstat '/app/node_modules/semver/internal'
npm warn tar TAR_ENTRY_ERROR ENOENT: no such file or directory, lstat '/app/node_modules/esbuild/lib'
npm warn tar TAR_ENTRY_ERROR ENOENT: no such file or directory, lstat '/app/node_modules/fast-json-stringify/node_modules/ajv/dist/vocabularies'
npm warn tar TAR_ENTRY_ERROR EIO: i/o error, open '/app/node_modules/fast-json-stringify/test/any.test.js'
npm warn tar TAR_ENTRY_ERROR ENOENT: no such file or directory, lstat '/app/node_modules/avvio/test'
npm warn tar TAR_ENTRY_ERROR EIO: i/o error, open '/app/node_modules/@fastify/send/node_modules/mime/CHANGELOG.md'
npm warn tar TAR_ENTRY_ERROR EIO: i/o error, open '/app/node_modules/@fastify/merge-json-schemas/test/default.test.js'
npm warn tar TAR_ENTRY_ERROR EIO: i/o error, open '/app/node_modules/glob/dist/commonjs/ignore.js'
npm warn tar TAR_ENTRY_ERROR EIO: i/o error, open '/app/node_modules/@types/node/cluster.d.ts'
npm warn tar TAR_ENTRY_ERROR EIO: i/o error, open '/app/node_modules/fastify/test/404s.test.js'
npm warn tar TAR_ENTRY_ERROR EIO: i/o error, open '/app/node_modules/@fastify/send/node_modules/mime/README.md'
npm warn tar TAR_ENTRY_ERROR ENOENT: no such file or directory, lstat '/app/node_modules/find-my-way/test'
npm warn tar TAR_ENTRY_ERROR ENOENT: no such file or directory, lstat '/app/node_modules/semver/internal'
npm warn tar TAR_ENTRY_ERROR EIO: i/o error, open '/app/node_modules/@fastify/merge-json-schemas/test/definitions.test.js'
npm warn tar TAR_ENTRY_ERROR ENOENT: no such file or directory, lstat '/app/node_modules/@fastify/send/test/fixtures/snow ☃'
npm warn tar TAR_ENTRY_ERROR ENOENT: no such file or directory, lstat '/app/node_modules/fast-json-stringify/node_modules/ajv/dist/vocabularies'
npm warn tar TAR_ENTRY_ERROR ENOENT: no such file or directory, lstat '/app/node_modules/avvio/test'
npm warn tar TAR_ENTRY_ERROR ENOENT: no such file or directory, lstat '/app/node_modules/@fastify/static/test/content-type'
npm warn tar TAR_ENTRY_ERROR EIO: i/o error, open '/app/node_modules/fast-json-stringify/test/anyof.test.js'
npm warn tar TAR_ENTRY_ERROR EIO: i/o error, open '/app/node_modules/@types/node/console.d.ts'
npm warn tar TAR_ENTRY_ERROR EIO: i/o error, open '/app/node_modules/fastify/test/500s.test.js'
npm warn tar TAR_ENTRY_ERROR EIO: i/o error, open '/app/node_modules/@fastify/merge-json-schemas/test/defs.test.js'
npm warn tar TAR_ENTRY_ERROR ENOENT: no such file or directory, lstat '/app/node_modules/find-my-way/benchmark'
npm warn tar TAR_ENTRY_ERROR ENOENT: no such file or directory, lstat '/app/node_modules/glob/dist/esm'
npm warn tar TAR_ENTRY_ERROR EIO: i/o error, open '/app/node_modules/semver/functions/diff.js'
npm warn tar TAR_ENTRY_ERROR EIO: i/o error, open '/app/node_modules/@fastify/send/test/fixtures/name.html'
npm warn tar TAR_ENTRY_ERROR ENOENT: no such file or directory, lstat '/app/node_modules/fast-json-stringify/node_modules/ajv/dist/compile'
npm warn tar TAR_ENTRY_ERROR ENOENT: no such file or directory, lstat '/app/node_modules/avvio/test'
npm warn tar TAR_ENTRY_ERROR EIO: i/o error, open '/app/node_modules/find-my-way/test/constraint.custom.test.js'
npm warn tar TAR_ENTRY_ERROR EIO: i/o error, open '/app/node_modules/@fastify/static/test/content-type/index.css.br'
npm warn tar TAR_ENTRY_ERROR EIO: i/o error, open '/app/node_modules/@fastify/send/benchmarks/containsDotFile.js'
npm warn tar TAR_ENTRY_ERROR EIO: i/o error, open '/app/node_modules/@fastify/merge-json-schemas/test/exclusive-minimum.test.js'
npm warn tar TAR_ENTRY_ERROR EIO: i/o error, open '/app/node_modules/fast-json-stringify/benchmark/bench.js'
npm warn tar TAR_ENTRY_ERROR EIO: i/o error, open '/app/node_modules/semver/classes/index.js'
npm warn tar TAR_ENTRY_ERROR EIO: i/o error, open '/app/node_modules/@fastify/send/lib/containsDotFile.js'
npm warn tar TAR_ENTRY_ERROR EIO: i/o error, open '/app/node_modules/fastify/test/diagnostics-channel/async-delay-request.test.js'
npm warn tar TAR_ENTRY_ERROR EIO: i/o error, open '/app/node_modules/@fastify/static/test/content-type/index.html.br'
npm warn tar TAR_ENTRY_ERROR EIO: i/o error, open '/app/node_modules/glob/dist/commonjs/processor.js'
npm warn tar TAR_ENTRY_ERROR EIO: i/o error, open '/app/node_modules/fast-json-stringify/test/bigint.test.js'
npm warn tar TAR_ENTRY_ERROR EIO: i/o error, open '/app/node_modules/@fastify/merge-json-schemas/test/format.test.js'
npm warn tar TAR_ENTRY_ERROR EIO: i/o error, open '/app/node_modules/semver/index.js'
npm warn tar TAR_ENTRY_ERROR ENOENT: no such file or directory, lstat '/app/node_modules/fast-json-stringify/node_modules/ajv/dist/vocabularies'
npm warn tar TAR_ENTRY_ERROR EIO: i/o error, open '/app/node_modules/@fastify/send/test/containsDotFile.test.js'
npm warn tar TAR_ENTRY_ERROR EIO: i/o error, open '/app/node_modules/find-my-way/test/constraint.default-versioning.test.js'
npm warn tar TAR_ENTRY_ERROR ENOENT: no such file or directory, lstat '/app/node_modules/avvio/test/gh-issues'
npm warn tar TAR_ENTRY_ERROR EIO: i/o error, open '/app/node_modules/fastify/test/async-dispose.test.js'
npm warn tar TAR_ENTRY_ERROR ENOENT: no such file or directory, lstat '/app/node_modules/fast-json-stringify/build'
npm warn tar TAR_ENTRY_ERROR EIO: i/o error, open '/app/node_modules/semver/ranges/intersects.js'
npm warn tar TAR_ENTRY_ERROR EIO: i/o error, open '/app/node_modules/@fastify/send/lib/contentRange.js'
npm warn tar TAR_ENTRY_ERROR EIO: i/o error, open '/app/node_modules/@fastify/merge-json-schemas/test/id.test.js'
npm warn tar TAR_ENTRY_ERROR EIO: i/o error, open '/app/node_modules/fastify/test/diagnostics-channel/async-request.test.js'
npm warn tar TAR_ENTRY_ERROR EIO: i/o error, open '/app/node_modules/find-my-way/test/constraint.host.test.js'
npm warn tar TAR_ENTRY_ERROR EIO: i/o error, open '/app/node_modules/glob/dist/esm/processor.js'
npm warn tar TAR_ENTRY_ERROR EIO: i/o error, open '/app/node_modules/semver/internal/lrucache.js'
npm warn tar TAR_ENTRY_ERROR ENOENT: no such file or directory, lstat '/app/node_modules/fast-json-stringify/node_modules/ajv/dist/vocabularies'
npm warn tar TAR_ENTRY_ERROR ENOENT: no such file or directory, lstat '/app/node_modules/@fastify/static/test/static-pre-compressed/dir'
npm warn tar TAR_ENTRY_ERROR EIO: i/o error, open '/app/node_modules/@fastify/send/lib/createHtmlDocument.js'
npm warn tar TAR_ENTRY_ERROR EIO: i/o error, open '/app/node_modules/@fastify/merge-json-schemas/test/if-then-else.test.js'
npm warn tar TAR_ENTRY_ERROR EIO: i/o error, open '/app/node_modules/avvio/test/callbacks.test.js'
npm warn tar TAR_ENTRY_ERROR EIO: i/o error, open '/app/node_modules/glob/dist/commonjs/walker.js'
npm warn tar TAR_ENTRY_ERROR EIO: i/o error, open '/app/node_modules/fast-json-stringify/test/clean-cache.test.js'
npm warn tar TAR_ENTRY_ERROR EIO: i/o error, open '/app/node_modules/semver/functions/lt.js'
npm warn tar TAR_ENTRY_ERROR ENOENT: no such file or directory, lstat '/app/node_modules/fastify/examples'
npm warn tar TAR_ENTRY_ERROR EIO: i/o error, open '/app/node_modules/@fastify/send/lib/createHttpError.js'
npm warn tar TAR_ENTRY_ERROR ENOENT: no such file or directory, lstat '/app/node_modules/find-my-way/test/http2'
npm warn tar TAR_ENTRY_ERROR EIO: i/o error, open '/app/node_modules/@types/node/dgram.d.ts'
npm warn tar TAR_ENTRY_ERROR EIO: i/o error, open '/app/node_modules/fast-json-stringify/test/const.test.js'
npm warn tar TAR_ENTRY_ERROR EIO: i/o error, open '/app/node_modules/semver/functions/lte.js'
npm warn tar TAR_ENTRY_ERROR ENOENT: no such file or directory, lstat '/app/node_modules/fast-json-stringify/node_modules/ajv/dist/vocabularies'
npm warn tar TAR_ENTRY_ERROR EIO: i/o error, open '/app/node_modules/@fastify/static/test/static-pre-compressed/index.html.br'
npm warn tar TAR_ENTRY_ERROR EIO: i/o error, open '/app/node_modules/@fastify/merge-json-schemas/index.js'
npm warn tar TAR_ENTRY_ERROR EIO: i/o error, open '/app/node_modules/@fastify/send/eslint.config.js'
npm warn tar TAR_ENTRY_ERROR EIO: i/o error, open '/app/node_modules/avvio/test/catch-override-exception.test.js'
npm warn tar TAR_ENTRY_ERROR EIO: i/o error, open '/app/node_modules/semver/ranges/ltr.js'
npm warn tar TAR_ENTRY_ERROR EIO: i/o error, open '/app/node_modules/glob/dist/esm/walker.js'
npm warn tar TAR_ENTRY_ERROR EIO: i/o error, open '/app/node_modules/@fastify/merge-json-schemas/test/items.test.js'
npm warn tar TAR_ENTRY_ERROR EIO: i/o error, open '/app/node_modules/fast-json-stringify/test/date.test.js'
npm warn tar TAR_ENTRY_ERROR EIO: i/o error, open '/app/node_modules/@fastify/static/test/static-pre-compressed/sample.jpg.br'
npm warn tar TAR_ENTRY_ERROR EIO: i/o error, open '/app/node_modules/fastify/test/body-limit.test.js'
npm warn tar TAR_ENTRY_ERROR EIO: i/o error, open '/app/node_modules/@fastify/send/index.js'
npm warn tar TAR_ENTRY_ERROR EIO: i/o error, open '/app/node_modules/find-my-way/test/constraints.test.js'
npm warn tar TAR_ENTRY_ERROR EIO: i/o error, open '/app/node_modules/avvio/test/chainable.test.js'
npm warn tar TAR_ENTRY_ERROR EIO: i/o error, open '/app/node_modules/@types/node/diagnostics_channel.d.ts'
npm warn tar TAR_ENTRY_ERROR EIO: i/o error, open '/app/node_modules/semver/functions/major.js'
npm warn tar TAR_ENTRY_ERROR EIO: i/o error, open '/app/node_modules/fast-json-stringify/node_modules/ajv/dist/core.js'
npm warn tar TAR_ENTRY_ERROR EIO: i/o error, open '/app/node_modules/@fastify/merge-json-schemas/test/max-items.test.js'
npm warn tar TAR_ENTRY_ERROR EIO: i/o error, open '/app/node_modules/@fastify/send/benchmarks/isUtf8MimeType.js'
npm warn tar TAR_ENTRY_ERROR EIO: i/o error, open '/app/node_modules/fastify/test/buffer.test.js'
npm warn tar TAR_ENTRY_ERROR EIO: i/o error, open '/app/node_modules/find-my-way/test/custom-querystring-parser.test.js'
npm warn tar TAR_ENTRY_ERROR EIO: i/o error, open '/app/node_modules/semver/ranges/max-satisfying.js'
npm warn tar TAR_ENTRY_ERROR EIO: i/o error, open '/app/node_modules/avvio/test/close.test.js'
npm warn tar TAR_ENTRY_ERROR EIO: i/o error, open '/app/node_modules/glob/dist/commonjs/package.json'
npm warn tar TAR_ENTRY_ERROR EIO: i/o error, open '/app/node_modules/fast-json-stringify/test/debug-mode.test.js'
npm warn tar TAR_ENTRY_ERROR EIO: i/o error, open '/app/node_modules/@fastify/static/test/content-type/test.txt.br'
npm warn tar TAR_ENTRY_ERROR EIO: i/o error, open '/app/node_modules/@fastify/send/lib/isUtf8MimeType.js'
npm warn tar TAR_ENTRY_ERROR EIO: i/o error, open '/app/node_modules/fastify/test/build-certificate.js'
npm warn tar TAR_ENTRY_ERROR EIO: i/o error, open '/app/node_modules/find-my-way/test/errors.test.js'
npm warn tar TAR_ENTRY_ERROR ENOENT: no such file or directory, lstat '/app/node_modules/avvio/lib'
npm warn tar TAR_ENTRY_ERROR EIO: i/o error, open '/app/node_modules/@types/node/dns.d.ts'
npm warn tar TAR_ENTRY_ERROR EIO: i/o error, open '/app/node_modules/semver/ranges/min-satisfying.js'
npm warn tar TAR_ENTRY_ERROR EIO: i/o error, open '/app/node_modules/glob/dist/esm/package.json'
npm warn tar TAR_ENTRY_ERROR EIO: i/o error, open '/app/node_modules/fast-json-stringify/node_modules/ajv/dist/compile/validate/dataType.js'
npm warn tar TAR_ENTRY_ERROR EIO: i/o error, open '/app/node_modules/@fastify/merge-json-schemas/test/max-length.test.js'
npm warn tar TAR_ENTRY_ERROR EIO: i/o error, open '/app/node_modules/@fastify/send/test/isUtf8MimeType.test.js'
npm warn tar TAR_ENTRY_ERROR EIO: i/o error, open '/app/node_modules/fast-json-stringify/test/defaults.test.js'
npm warn tar TAR_ENTRY_ERROR ENOENT: no such file or directory, lstat '/app/node_modules/@fastify/static/example'
npm warn tar TAR_ENTRY_ERROR EIO: i/o error, open '/app/node_modules/semver/ranges/min-version.js'
npm warn tar TAR_ENTRY_ERROR EIO: i/o error, open '/app/node_modules/glob/package.json'
npm warn tar TAR_ENTRY_ERROR EIO: i/o error, open '/app/node_modules/@fastify/merge-json-schemas/test/max-properties.test.js'
npm warn tar TAR_ENTRY_ERROR EIO: i/o error, open '/app/node_modules/@fastify/send/test/mime.test.js'
npm warn tar TAR_ENTRY_ERROR ENOENT: no such file or directory, lstat '/app/node_modules/fastify/build'
npm warn tar TAR_ENTRY_ERROR EIO: i/o error, open '/app/node_modules/find-my-way/example.js'
npm warn tar TAR_ENTRY_ERROR ENOENT: no such file or directory, lstat '/app/node_modules/avvio/test/lib'
npm warn tar TAR_ENTRY_ERROR EIO: i/o error, open '/app/node_modules/@types/node/dom-events.d.ts'
npm warn tar TAR_ENTRY_ERROR EIO: i/o error, open '/app/node_modules/glob/dist/esm/bin.d.mts.map'
npm warn tar TAR_ENTRY_ERROR EIO: i/o error, open '/app/node_modules/semver/functions/minor.js'
npm warn tar TAR_ENTRY_ERROR EIO: i/o error, open '/app/node_modules/fast-json-stringify/node_modules/ajv/dist/compile/validate/defaults.js'
npm warn tar TAR_ENTRY_ERROR ENOENT: no such file or directory, lstat '/app/node_modules/fast-json-stringify/test/json-schema-test-suite'
npm warn tar TAR_ENTRY_ERROR EIO: i/o error, open '/app/node_modules/@fastify/merge-json-schemas/test/maximum.test.js'
npm warn tar TAR_ENTRY_ERROR EIO: i/o error, open '/app/node_modules/@fastify/static/test/content-type/index.css'
npm warn tar TAR_ENTRY_ERROR EIO: i/o error, open '/app/node_modules/@fastify/send/benchmarks/normalizeList.js'
npm warn tar TAR_ENTRY_ERROR EIO: i/o error, open '/app/node_modules/find-my-way/test/fastify-issue-3129.test.js'
npm warn tar TAR_ENTRY_ERROR EIO: i/o error, open '/app/node_modules/@types/node/domain.d.ts'
npm warn tar TAR_ENTRY_ERROR EIO: i/o error, open '/app/node_modules/glob/dist/esm/bin.mjs.map'
npm warn tar TAR_ENTRY_ERROR EIO: i/o error, open '/app/node_modules/semver/functions/neq.js'
npm warn tar TAR_ENTRY_ERROR ENOENT: no such file or directory, lstat '/app/node_modules/fast-json-stringify/node_modules/ajv/dist/vocabularies'
npm warn tar TAR_ENTRY_ERROR EIO: i/o error, open '/app/node_modules/@fastify/merge-json-schemas/test/merge-schema.test.js'
npm warn tar TAR_ENTRY_ERROR EIO: i/o error, open '/app/node_modules/@fastify/send/lib/normalizeList.js'
npm warn tar TAR_ENTRY_ERROR ENOENT: no such file or directory, lstat '/app/node_modules/fastify/build'
npm warn tar TAR_ENTRY_ERROR ENOENT: no such file or directory, lstat '/app/node_modules/avvio/lib'
npm warn tar TAR_ENTRY_ERROR EIO: i/o error, open '/app/node_modules/find-my-way/test/fastify-issue-3957.test.js'
npm warn tar TAR_ENTRY_ERROR EIO: i/o error, open '/app/node_modules/semver/ranges/outside.js'
npm warn tar TAR_ENTRY_ERROR ENOENT: no such file or directory, lstat '/app/node_modules/fast-json-stringify/test/json-schema-test-suite'
npm warn tar TAR_ENTRY_ERROR EIO: i/o error, open '/app/node_modules/@fastify/send/test/normalizeList.test.js'
npm warn tar TAR_ENTRY_ERROR EIO: i/o error, open '/app/node_modules/@fastify/merge-json-schemas/test/min-items.test.js'
npm warn tar TAR_ENTRY_ERROR EIO: i/o error, open '/app/node_modules/find-my-way/test/find-route.test.js'
npm warn tar TAR_ENTRY_ERROR EIO: i/o error, open '/app/node_modules/@types/node/events.d.ts'
npm warn tar TAR_ENTRY_ERROR EIO: i/o error, open '/app/node_modules/glob/dist/commonjs/glob.d.ts.map'
npm warn tar TAR_ENTRY_ERROR ENOENT: no such file or directory, lstat '/app/node_modules/@fastify/static/test/static'
npm warn tar TAR_ENTRY_ERROR EIO: i/o error, open '/app/node_modules/semver/internal/parse-options.js'
npm warn tar TAR_ENTRY_ERROR ENOENT: no such file or directory, lstat '/app/node_modules/fast-json-stringify/node_modules/ajv/dist/vocabularies'
npm warn tar TAR_ENTRY_ERROR EIO: i/o error, open '/app/node_modules/@fastify/send/benchmarks/parseBytesRange.js'
npm warn tar TAR_ENTRY_ERROR ENOENT: no such file or directory, lstat '/app/node_modules/fastify/test/bundler'
npm warn tar TAR_ENTRY_ERROR ENOENT: no such file or directory, lstat '/app/node_modules/avvio/lib'
npm warn tar TAR_ENTRY_ERROR EIO: i/o error, open '/app/node_modules/@fastify/merge-json-schemas/test/min-length.test.js'
npm warn tar TAR_ENTRY_ERROR EIO: i/o error, open '/app/node_modules/semver/functions/parse.js'
npm warn tar TAR_ENTRY_ERROR ENOENT: no such file or directory, lstat '/app/node_modules/fast-json-stringify/test/json-schema-test-suite'
npm warn tar TAR_ENTRY_ERROR EIO: i/o error, open '/app/node_modules/@fastify/send/lib/parseBytesRange.js'
npm warn tar TAR_ENTRY_ERROR EIO: i/o error, open '/app/node_modules/find-my-way/test/find.test.js'
npm warn tar TAR_ENTRY_ERROR EIO: i/o error, open '/app/node_modules/@fastify/merge-json-schemas/test/min-properties.test.js'
npm warn tar TAR_ENTRY_ERROR EIO: i/o error, open '/app/node_modules/@types/node/fs.d.ts'
npm warn tar TAR_ENTRY_ERROR ENOENT: no such file or directory, lstat '/app/node_modules/@fastify/static/example'
npm warn tar TAR_ENTRY_ERROR EIO: i/o error, open '/app/node_modules/glob/dist/esm/glob.d.ts.map'
npm warn tar TAR_ENTRY_ERROR EIO: i/o error, open '/app/node_modules/semver/functions/patch.js'
npm warn tar TAR_ENTRY_ERROR ENOENT: no such file or directory, lstat '/app/node_modules/fast-json-stringify/node_modules/ajv/dist/vocabularies'
npm warn tar TAR_ENTRY_ERROR ENOENT: no such file or directory, lstat '/app/node_modules/fastify/test/bundler'
npm warn tar TAR_ENTRY_ERROR EIO: i/o error, open '/app/node_modules/@fastify/send/test/parseBytesRange.test.js'
npm warn tar TAR_ENTRY_ERROR EIO: i/o error, open '/app/node_modules/avvio/test/errors.test.js'
npm warn tar TAR_ENTRY_ERROR EIO: i/o error, open '/app/node_modules/find-my-way/test/for-in-loop.test.js'
npm warn tar TAR_ENTRY_ERROR EIO: i/o error, open '/app/node_modules/@fastify/merge-json-schemas/test/minimum.test.js'
npm warn tar TAR_ENTRY_ERROR EIO: i/o error, open '/app/node_modules/glob/dist/commonjs/glob.js.map'
npm warn tar TAR_ENTRY_ERROR EIO: i/o error, open '/app/node_modules/semver/preload.js'
npm warn tar TAR_ENTRY_ERROR EIO: i/o error, open '/app/node_modules/@fastify/send/lib/parseTokenList.js'
npm warn tar TAR_ENTRY_ERROR EIO: i/o error, open '/app/node_modules/fast-json-stringify/test/enum.test.js'
npm warn tar TAR_ENTRY_ERROR EIO: i/o error, open '/app/node_modules/avvio/test/esm.test.js'
npm warn tar TAR_ENTRY_ERROR EIO: i/o error, open '/app/node_modules/find-my-way/test/full-url.test.js'
npm warn tar TAR_ENTRY_ERROR EIO: i/o error, open '/app/node_modules/semver/functions/prerelease.js'
npm warn tar TAR_ENTRY_ERROR EIO: i/o error, open '/app/node_modules/@types/node/globals.d.ts'
npm warn tar TAR_ENTRY_ERROR EIO: i/o error, open '/app/node_modules/@fastify/static/test/static-pre-compressed/all-three.html.gz'
npm warn tar TAR_ENTRY_ERROR EIO: i/o error, open '/app/node_modules/fast-json-stringify/eslint.config.js'
npm warn tar TAR_ENTRY_ERROR EIO: i/o error, open '/app/node_modules/@fastify/send/test/send.1.test.js'
npm warn tar TAR_ENTRY_ERROR ENOENT: no such file or directory, lstat '/app/node_modules/fast-json-stringify/node_modules/ajv/dist/vocabularies'
npm warn tar TAR_ENTRY_ERROR EIO: i/o error, open '/app/node_modules/fastify/test/case-insensitive.test.js'
npm warn tar TAR_ENTRY_ERROR EIO: i/o error, open '/app/node_modules/find-my-way/lib/handler-storage.js'
npm warn tar TAR_ENTRY_ERROR EIO: i/o error, open '/app/node_modules/avvio/test/events-listeners.test.js'
npm warn tar TAR_ENTRY_ERROR EIO: i/o error, open '/app/node_modules/@fastify/merge-json-schemas/test/multiple-of.test.js'
npm warn tar TAR_ENTRY_ERROR EIO: i/o error, open '/app/node_modules/semver/classes/range.js'
npm warn tar TAR_ENTRY_ERROR EIO: i/o error, open '/app/node_modules/glob/dist/esm/glob.js.map'
npm warn tar TAR_ENTRY_ERROR EIO: i/o error, open '/app/node_modules/@fastify/static/test/static-pre-compressed/gzip-only.html.gz'
npm warn tar TAR_ENTRY_ERROR ENOENT: no such file or directory, lstat '/app/node_modules/fast-json-stringify/examples'
npm warn tar TAR_ENTRY_ERROR ENOENT: no such file or directory, lstat '/app/node_modules/avvio/examples'
npm warn tar TAR_ENTRY_ERROR EIO: i/o error, open '/app/node_modules/fastify/test/chainable.test.js'
npm warn tar TAR_ENTRY_ERROR EIO: i/o error, open '/app/node_modules/@fastify/merge-json-schemas/test/not.test.js'
npm warn tar TAR_ENTRY_ERROR EIO: i/o error, open '/app/node_modules/@types/node/globals.typedarray.d.ts'
npm warn tar TAR_ENTRY_ERROR ENOENT: no such file or directory, lstat '/app/node_modules/fast-json-stringify/node_modules/ajv/dist/vocabularies'
npm warn tar TAR_ENTRY_ERROR EIO: i/o error, open '/app/node_modules/@fastify/send/test/send.2.test.js'
npm warn tar TAR_ENTRY_ERROR EIO: i/o error, open '/app/node_modules/find-my-way/test/has-route.test.js'
npm warn tar TAR_ENTRY_ERROR EIO: i/o error, open '/app/node_modules/fastify/test/check.test.js'
npm warn tar TAR_ENTRY_ERROR EIO: i/o error, open '/app/node_modules/semver/functions/rcompare.js'
npm warn tar TAR_ENTRY_ERROR EIO: i/o error, open '/app/node_modules/@fastify/merge-json-schemas/test/nullable.test.js'
npm warn tar TAR_ENTRY_ERROR EIO: i/o error, open '/app/node_modules/glob/dist/commonjs/has-magic.d.ts.map'
npm warn tar TAR_ENTRY_ERROR EIO: i/o error, open '/app/node_modules/@types/node/http.d.ts'
npm warn tar TAR_ENTRY_ERROR EIO: i/o error, open '/app/node_modules/fast-json-stringify/test/fix-604.test.js'
npm warn tar TAR_ENTRY_ERROR ENOENT: no such file or directory, lstat '/app/node_modules/avvio/lib'
npm warn tar TAR_ENTRY_ERROR EIO: i/o error, open '/app/node_modules/semver/internal/re.js'
npm warn tar TAR_ENTRY_ERROR EIO: i/o error, open '/app/node_modules/find-my-way/test/host-storage.test.js'
npm warn tar TAR_ENTRY_ERROR EIO: i/o error, open '/app/node_modules/fastify/test/child-logger-factory.test.js'
npm warn tar TAR_ENTRY_ERROR EIO: i/o error, open '/app/node_modules/@fastify/merge-json-schemas/test/one-of.test.js'
npm warn tar TAR_ENTRY_ERROR ENOENT: no such file or directory, lstat '/app/node_modules/@fastify/static/test/static-pre-compressed/dir-gz'
npm warn tar TAR_ENTRY_ERROR EIO: i/o error, open '/app/node_modules/glob/dist/esm/has-magic.d.ts.map'
npm warn tar TAR_ENTRY_ERROR EIO: i/o error, open '/app/node_modules/@fastify/send/test/send.3.test.js'
npm warn tar TAR_ENTRY_ERROR ENOENT: no such file or directory, lstat '/app/node_modules/fast-json-stringify/node_modules/ajv/dist/vocabularies'
npm warn tar TAR_ENTRY_ERROR EIO: i/o error, open '/app/node_modules/fast-json-stringify/test/if-then-else.test.js'
npm warn tar TAR_ENTRY_ERROR ENOENT: no such file or directory, lstat '/app/node_modules/find-my-way/lib/strategies'
npm warn tar TAR_ENTRY_ERROR EIO: i/o error, open '/app/node_modules/semver/functions/rsort.js'
npm warn tar TAR_ENTRY_ERROR EIO: i/o error, open '/app/node_modules/fastify/test/client-timeout.test.js'
npm warn tar TAR_ENTRY_ERROR EIO: i/o error, open '/app/node_modules/@fastify/merge-json-schemas/test/properties.test.js'
npm warn tar TAR_ENTRY_ERROR EIO: i/o error, open '/app/node_modules/glob/dist/commonjs/has-magic.js.map'
npm warn tar TAR_ENTRY_ERROR EIO: i/o error, open '/app/node_modules/@types/node/http2.d.ts'
npm warn tar TAR_ENTRY_ERROR EIO: i/o error, open '/app/node_modules/@fastify/send/lib/send.js'
npm warn tar TAR_ENTRY_ERROR ENOENT: no such file or directory, lstat '/app/node_modules/avvio/test/lib'
npm warn tar TAR_ENTRY_ERROR EIO: i/o error, open '/app/node_modules/semver/functions/satisfies.js'
npm warn tar TAR_ENTRY_ERROR EIO: i/o error, open '/app/node_modules/fastify/test/close-pipelining.test.js'
npm warn tar TAR_ENTRY_ERROR EIO: i/o error, open '/app/node_modules/glob/dist/esm/has-magic.js.map'
npm warn tar TAR_ENTRY_ERROR ENOENT: no such file or directory, lstat '/app/node_modules/fast-json-stringify/node_modules/ajv/dist/vocabularies'
npm warn tar TAR_ENTRY_ERROR EIO: i/o error, open '/app/node_modules/@fastify/static/test/static-pre-compressed/all-three.html'
npm warn tar TAR_ENTRY_ERROR EIO: i/o error, open '/app/node_modules/fast-json-stringify/index.js'
npm warn tar TAR_ENTRY_ERROR ENOENT: no such file or directory, lstat '/app/node_modules/semver/bin'
npm warn tar TAR_ENTRY_ERROR EIO: i/o error, open '/app/node_modules/find-my-way/lib/http-methods.js'
npm warn tar TAR_ENTRY_ERROR EIO: i/o error, open '/app/node_modules/@fastify/merge-json-schemas/test/property-names.test.js'
npm warn tar TAR_ENTRY_ERROR EIO: i/o error, open '/app/node_modules/glob/dist/commonjs/ignore.d.ts.map'
npm warn tar TAR_ENTRY_ERROR EIO: i/o error, open '/app/node_modules/fastify/test/close.test.js'
npm warn tar TAR_ENTRY_ERROR EIO: i/o error, open '/app/node_modules/@types/node/https.d.ts'
npm warn tar TAR_ENTRY_ERROR ENOENT: no such file or directory, lstat '/app/node_modules/@fastify/send/examples'
npm warn tar TAR_ENTRY_ERROR EIO: i/o error, open '/app/node_modules/avvio/test/expose.test.js'
npm warn tar TAR_ENTRY_ERROR EIO: i/o error, open '/app/node_modules/find-my-way/index.js'
npm warn tar TAR_ENTRY_ERROR EIO: i/o error, open '/app/node_modules/glob/dist/esm/ignore.d.ts.map'
npm warn tar TAR_ENTRY_ERROR EIO: i/o error, open '/app/node_modules/@fastify/merge-json-schemas/test/required.test.js'
npm warn tar TAR_ENTRY_ERROR ENOENT: no such file or directory, lstat '/app/node_modules/fast-json-stringify/node_modules/ajv/dist/vocabularies'
npm warn tar TAR_ENTRY_ERROR EIO: i/o error, open '/app/node_modules/fast-json-stringify/test/inferType.test.js'
npm warn tar TAR_ENTRY_ERROR EIO: i/o error, open '/app/node_modules/semver/classes/semver.js'
npm warn tar TAR_ENTRY_ERROR EIO: i/o error, open '/app/node_modules/glob/dist/commonjs/ignore.js.map'
npm warn tar TAR_ENTRY_ERROR ENOENT: no such file or directory, lstat '/app/node_modules/@fastify/static/test/static2'
npm warn tar TAR_ENTRY_ERROR EIO: i/o error, open '/app/node_modules/@fastify/merge-json-schemas/lib/resolvers.js'
npm warn tar TAR_ENTRY_ERROR ENOENT: no such file or directory, lstat '/app/node_modules/fastify/test/http2'
npm warn tar TAR_ENTRY_ERROR EIO: i/o error, open '/app/node_modules/@types/node/index.d.ts'
npm warn tar TAR_ENTRY_ERROR EIO: i/o error, open '/app/node_modules/@fastify/send/test/utils.js'
npm warn tar TAR_ENTRY_ERROR EIO: i/o error, open '/app/node_modules/fast-json-stringify/test/infinity.test.js'
npm warn tar TAR_ENTRY_ERROR EIO: i/o error, open '/app/node_modules/semver/ranges/simplify.js'
npm warn tar TAR_ENTRY_ERROR ENOENT: no such file or directory, lstat '/app/node_modules/avvio/lib'
npm warn tar TAR_ENTRY_ERROR EIO: i/o error, open '/app/node_modules/find-my-way/test/issue-101.test.js'
npm warn tar TAR_ENTRY_ERROR EIO: i/o error, open '/app/node_modules/glob/dist/esm/ignore.js.map'
npm warn tar TAR_ENTRY_ERROR EIO: i/o error, open '/app/node_modules/@fastify/merge-json-schemas/test/type.test.js'
npm warn tar TAR_ENTRY_ERROR EIO: i/o error, open '/app/node_modules/@types/node/inspector.d.ts'
npm warn tar TAR_ENTRY_ERROR EIO: i/o error, open '/app/node_modules/@fastify/send/package.json'
npm warn tar TAR_ENTRY_ERROR ENOENT: no such file or directory, lstat '/app/node_modules/fast-json-stringify/node_modules/ajv/dist/vocabularies'
npm warn tar TAR_ENTRY_ERROR EIO: i/o error, open '/app/node_modules/fast-json-stringify/test/integer.test.js'
npm warn tar TAR_ENTRY_ERROR EIO: i/o error, open '/app/node_modules/glob/dist/commonjs/index.d.ts.map'
npm warn tar TAR_ENTRY_ERROR EIO: i/o error, open '/app/node_modules/find-my-way/test/issue-104.test.js'
npm warn tar TAR_ENTRY_ERROR EIO: i/o error, open '/app/node_modules/@fastify/merge-json-schemas/test/unique-items.test.js'
npm warn tar TAR_ENTRY_ERROR EIO: i/o error, open '/app/node_modules/fastify/test/conditional-pino.test.js'
npm warn tar TAR_ENTRY_ERROR EIO: i/o error, open '/app/node_modules/semver/functions/sort.js'
npm warn tar TAR_ENTRY_ERROR ENOENT: no such file or directory, lstat '/app/node_modules/avvio/test/lib'
npm warn tar TAR_ENTRY_ERROR EIO: i/o error, open '/app/node_modules/fast-json-stringify/test/invalidSchema.test.js'
npm warn tar TAR_ENTRY_ERROR EIO: i/o error, open '/app/node_modules/glob/dist/esm/index.d.ts.map'
npm warn tar TAR_ENTRY_ERROR EIO: i/o error, open '/app/node_modules/find-my-way/test/issue-110.test.js'
npm warn tar TAR_ENTRY_ERROR ENOENT: no such file or directory, lstat '/app/node_modules/fastify/lib'
npm warn tar TAR_ENTRY_ERROR EIO: i/o error, open '/app/node_modules/@fastify/merge-json-schemas/test/utils.js'
npm warn tar TAR_ENTRY_ERROR EIO: i/o error, open '/app/node_modules/@types/node/module.d.ts'
npm warn tar TAR_ENTRY_ERROR EIO: i/o error, open '/app/node_modules/@fastify/send/HISTORY.md'
npm warn tar TAR_ENTRY_ERROR EIO: i/o error, open '/app/node_modules/semver/ranges/subset.js'
npm warn tar TAR_ENTRY_ERROR ENOENT: no such file or directory, lstat '/app/node_modules/fast-json-stringify/node_modules/ajv/dist/vocabularies'
npm warn tar TAR_ENTRY_ERROR ENOENT: no such file or directory, lstat '/app/node_modules/@fastify/static/test/static-filtered'
npm warn tar TAR_ENTRY_ERROR EIO: i/o error, open '/app/node_modules/fast-json-stringify/test/issue-479.test.js'
npm warn tar TAR_ENTRY_ERROR EIO: i/o error, open '/app/node_modules/find-my-way/test/issue-132.test.js'
npm warn tar TAR_ENTRY_ERROR EIO: i/o error, open '/app/node_modules/@fastify/merge-json-schemas/package.json'
npm warn tar TAR_ENTRY_ERROR EIO: i/o error, open '/app/node_modules/@fastify/send/README.md'
npm warn tar TAR_ENTRY_ERROR ENOENT: no such file or directory, lstat '/app/node_modules/avvio/lib'
npm warn tar TAR_ENTRY_ERROR EIO: i/o error, open '/app/node_modules/semver/ranges/to-comparators.js'
npm warn tar TAR_ENTRY_ERROR ENOENT: no such file or directory, lstat '/app/node_modules/fast-json-stringify/lib'
npm warn tar TAR_ENTRY_ERROR EIO: i/o error, open '/app/node_modules/glob/dist/commonjs/index.js.map'
npm warn tar TAR_ENTRY_ERROR EIO: i/o error, open '/app/node_modules/fastify/test/connection-timeout.test.js'
npm warn tar TAR_ENTRY_ERROR EIO: i/o error, open '/app/node_modules/@types/node/net.d.ts'
npm warn tar TAR_ENTRY_ERROR ENOENT: no such file or directory, lstat '/app/node_modules/fast-json-stringify/node_modules/ajv/dist/vocabularies'
npm warn tar TAR_ENTRY_ERROR EIO: i/o error, open '/app/node_modules/semver/functions/valid.js'
npm warn tar TAR_ENTRY_ERROR EIO: i/o error, open '/app/node_modules/glob/dist/esm/index.js.map'
npm warn tar TAR_ENTRY_ERROR EIO: i/o error, open '/app/node_modules/find-my-way/test/issue-145.test.js'
npm warn tar TAR_ENTRY_ERROR EIO: i/o error, open '/app/node_modules/@fastify/merge-json-schemas/README.md'
npm warn tar TAR_ENTRY_ERROR EIO: i/o error, open '/app/node_modules/fastify/test/constrained-routes.test.js'
npm warn tar TAR_ENTRY_ERROR EIO: i/o error, open '/app/node_modules/semver/ranges/valid.js'
npm warn tar TAR_ENTRY_ERROR ENOENT: no such file or directory, lstat '/app/node_modules/@fastify/send/test/fixtures/images'
npm warn tar TAR_ENTRY_ERROR ENOENT: no such file or directory, lstat '/app/node_modules/avvio/test/lib'
npm warn tar TAR_ENTRY_ERROR ENOENT: no such file or directory, lstat '/app/node_modules/fast-json-stringify/lib'
npm warn tar TAR_ENTRY_ERROR EIO: i/o error, open '/app/node_modules/find-my-way/test/issue-149.test.js'
npm warn tar TAR_ENTRY_ERROR EIO: i/o error, open '/app/node_modules/@types/node/os.d.ts'
npm warn tar TAR_ENTRY_ERROR ENOENT: no such file or directory, lstat '/app/node_modules/@fastify/merge-json-schemas/types'
npm warn tar TAR_ENTRY_ERROR EIO: i/o error, open '/app/node_modules/semver/package.json'
npm warn tar TAR_ENTRY_ERROR ENOENT: no such file or directory, lstat '/app/node_modules/@fastify/static/test/static'
npm warn tar TAR_ENTRY_ERROR ENOENT: no such file or directory, lstat '/app/node_modules/fast-json-stringify/node_modules/ajv/dist/runtime'
npm warn tar TAR_ENTRY_ERROR EIO: i/o error, open '/app/node_modules/glob/dist/commonjs/pattern.d.ts.map'
npm warn tar TAR_ENTRY_ERROR EIO: i/o error, open '/app/node_modules/find-my-way/test/issue-151.test.js'
npm warn tar TAR_ENTRY_ERROR ENOENT: no such file or directory, lstat '/app/node_modules/fastify/test/http2'
npm warn tar TAR_ENTRY_ERROR EIO: i/o error, open '/app/node_modules/semver/README.md'
npm warn tar TAR_ENTRY_ERROR ENOENT: no such file or directory, lstat '/app/node_modules/@fastify/send/types'
npm warn tar TAR_ENTRY_ERROR EIO: i/o error, open '/app/node_modules/glob/dist/esm/pattern.d.ts.map'
npm warn tar TAR_ENTRY_ERROR EIO: i/o error, open '/app/node_modules/fast-json-stringify/test/missing-values.test.js'
npm warn tar TAR_ENTRY_ERROR ENOENT: no such file or directory, lstat '/app/node_modules/avvio/lib'
npm warn tar TAR_ENTRY_ERROR EIO: i/o error, open '/app/node_modules/@types/node/package.json'
npm warn tar TAR_ENTRY_ERROR EIO: i/o error, open '/app/node_modules/find-my-way/test/issue-154.test.js'
npm warn tar TAR_ENTRY_ERROR ENOENT: no such file or directory, lstat '/app/node_modules/@fastify/merge-json-schemas/types'
npm warn tar TAR_ENTRY_ERROR ENOENT: no such file or directory, lstat '/app/node_modules/fast-json-stringify/node_modules/ajv/dist/vocabularies'
npm warn tar TAR_ENTRY_ERROR EIO: i/o error, open '/app/node_modules/glob/dist/commonjs/pattern.js.map'
npm warn tar TAR_ENTRY_ERROR EIO: i/o error, open '/app/node_modules/fast-json-stringify/test/multi-type-serializer.test.js'
npm warn tar TAR_ENTRY_ERROR EIO: i/o error, open '/app/node_modules/@types/node/path.d.ts'
npm warn tar TAR_ENTRY_ERROR EIO: i/o error, open '/app/node_modules/find-my-way/test/issue-161.test.js'
npm warn tar TAR_ENTRY_ERROR ENOENT: no such file or directory, lstat '/app/node_modules/@fastify/send/types'
npm warn tar TAR_ENTRY_ERROR EIO: i/o error, open '/app/node_modules/fastify/test/content-length.test.js'
npm warn tar TAR_ENTRY_ERROR ENOENT: no such file or directory, lstat '/app/node_modules/avvio/test/lib'
npm warn tar TAR_ENTRY_ERROR ENOENT: no such file or directory, lstat '/app/node_modules/@fastify/static/test/static'
npm warn tar TAR_ENTRY_ERROR EIO: i/o error, open '/app/node_modules/fast-json-stringify/test/nestedObjects.test.js'
npm warn tar TAR_ENTRY_ERROR ENOENT: no such file or directory, lstat '/app/node_modules/@fastify/merge-json-schemas/.github'
npm warn tar TAR_ENTRY_ERROR EIO: i/o error, open '/app/node_modules/find-my-way/test/issue-17.test.js'
npm warn tar TAR_ENTRY_ERROR EIO: i/o error, open '/app/node_modules/glob/dist/esm/pattern.js.map'
npm warn tar TAR_ENTRY_ERROR EIO: i/o error, open '/app/node_modules/@types/node/perf_hooks.d.ts'
npm warn tar TAR_ENTRY_ERROR EIO: i/o error, open '/app/node_modules/@fastify/send/test/fixtures/.hidden.txt'
npm warn tar TAR_ENTRY_ERROR EIO: i/o error, open '/app/node_modules/fast-json-stringify/test/nullable.test.js'
npm warn tar TAR_ENTRY_ERROR EIO: i/o error, open '/app/node_modules/fastify/test/content-parser.test.js'
npm warn tar TAR_ENTRY_ERROR EIO: i/o error, open '/app/node_modules/avvio/test/load-plugin.test.js'
npm warn tar TAR_ENTRY_ERROR EIO: i/o error, open '/app/node_modules/fast-json-stringify/node_modules/ajv/dist/compile/errors.js'
npm warn tar TAR_ENTRY_ERROR ENOENT: no such file or directory, lstat '/app/node_modules/@fastify/send/test/fixtures/.mine'
npm warn tar TAR_ENTRY_ERROR ENOENT: no such file or directory, lstat '/app/node_modules/@fastify/merge-json-schemas/.github'
npm warn tar TAR_ENTRY_ERROR EIO: i/o error, open '/app/node_modules/find-my-way/test/issue-175.test.js'
npm warn tar TAR_ENTRY_ERROR EIO: i/o error, open '/app/node_modules/glob/dist/commonjs/processor.d.ts.map'
npm warn tar TAR_ENTRY_ERROR EIO: i/o error, open '/app/node_modules/avvio/test/no-done.test.js'
npm warn tar TAR_ENTRY_ERROR EIO: i/o error, open '/app/node_modules/@types/node/process.d.ts'
npm warn tar TAR_ENTRY_ERROR EIO: i/o error, open '/app/node_modules/fast-json-stringify/test/oneof.test.js'
npm warn tar TAR_ENTRY_ERROR EIO: i/o error, open '/app/node_modules/fastify/test/internals/content-type-parser.test.js'
npm warn tar TAR_ENTRY_ERROR EIO: i/o error, open '/app/node_modules/find-my-way/test/issue-182.test.js'
npm warn tar TAR_ENTRY_ERROR ENOENT: no such file or directory, lstat '/app/node_modules/@fastify/static/test/static'
npm warn tar TAR_ENTRY_ERROR EIO: i/o error, open '/app/node_modules/glob/dist/esm/processor.d.ts.map'
npm warn tar TAR_ENTRY_ERROR EIO: i/o error, open '/app/node_modules/avvio/test/on-ready-timeout-await.test.js'
npm warn tar TAR_ENTRY_ERROR ENOENT: no such file or directory, lstat '/app/node_modules/fast-json-stringify/node_modules/ajv/dist/vocabularies'
npm warn tar TAR_ENTRY_ERROR ENOENT: no such file or directory, lstat '/app/node_modules/@fastify/send/test/fixtures/pets'
npm warn tar TAR_ENTRY_ERROR EIO: i/o error, open '/app/node_modules/fast-json-stringify/test/patternProperties.test.js'
npm warn tar TAR_ENTRY_ERROR EIO: i/o error, open '/app/node_modules/fastify/test/content-type.test.js'
npm warn tar TAR_ENTRY_ERROR EIO: i/o error, open '/app/node_modules/glob/dist/commonjs/processor.js.map'
npm warn tar TAR_ENTRY_ERROR EIO: i/o error, open '/app/node_modules/find-my-way/test/issue-190.test.js'
npm warn tar TAR_ENTRY_ERROR EIO: i/o error, open '/app/node_modules/@types/node/punycode.d.ts'
npm warn tar TAR_ENTRY_ERROR EIO: i/o error, open '/app/node_modules/avvio/test/override.test.js'
npm warn tar TAR_ENTRY_ERROR ENOENT: no such file or directory, lstat '/app/node_modules/fastify/lib'
npm warn tar TAR_ENTRY_ERROR EIO: i/o error, open '/app/node_modules/fast-json-stringify/test/recursion.test.js'
npm warn tar TAR_ENTRY_ERROR EIO: i/o error, open '/app/node_modules/@fastify/static/test/static-pre-compressed/gzip-only.html'
npm warn tar TAR_ENTRY_ERROR EIO: i/o error, open '/app/node_modules/find-my-way/test/issue-20.test.js'
npm warn tar TAR_ENTRY_ERROR EIO: i/o error, open '/app/node_modules/@types/node/querystring.d.ts'
npm warn tar TAR_ENTRY_ERROR ENOENT: no such file or directory, lstat '/app/node_modules/fast-json-stringify/node_modules/ajv/dist/vocabularies'
npm warn tar TAR_ENTRY_ERROR EIO: i/o error, open '/app/node_modules/@fastify/send/test/fixtures/do..ts.txt'
npm warn tar TAR_ENTRY_ERROR EIO: i/o error, open '/app/node_modules/avvio/test/plugin-loaded-so-far.test.js'
npm warn tar TAR_ENTRY_ERROR EIO: i/o error, open '/app/node_modules/fast-json-stringify/test/ref.test.js'
npm warn tar TAR_ENTRY_ERROR ENOENT: no such file or directory, lstat '/app/node_modules/@fastify/static/example'
npm warn tar TAR_ENTRY_ERROR EIO: i/o error, open '/app/node_modules/glob/dist/esm/processor.js.map'
npm warn tar TAR_ENTRY_ERROR EIO: i/o error, open '/app/node_modules/find-my-way/test/issue-206.test.js'
npm warn tar TAR_ENTRY_ERROR EIO: i/o error, open '/app/node_modules/@types/node/readline.d.ts'
npm warn tar TAR_ENTRY_ERROR EIO: i/o error, open '/app/node_modules/fastify/test/context-config.test.js'
npm warn tar TAR_ENTRY_ERROR EIO: i/o error, open '/app/node_modules/@fastify/send/test/fixtures/empty.txt'
npm warn tar TAR_ENTRY_ERROR EIO: i/o error, open '/app/node_modules/avvio/test/plugin-name.test.js'
npm warn tar TAR_ENTRY_ERROR ENOENT: no such file or directory, lstat '/app/node_modules/fast-json-stringify/node_modules/ajv/dist/vocabularies'
npm warn tar TAR_ENTRY_ERROR EIO: i/o error, open '/app/node_modules/find-my-way/test/issue-221.test.js'
npm warn tar TAR_ENTRY_ERROR ENOENT: no such file or directory, lstat '/app/node_modules/fastify/lib'
npm warn tar TAR_ENTRY_ERROR ENOENT: no such file or directory, lstat '/app/node_modules/@fastify/send/test/fixtures/.mine'
npm warn tar TAR_ENTRY_ERROR EIO: i/o error, open '/app/node_modules/fast-json-stringify/test/regex.test.js'
npm warn tar TAR_ENTRY_ERROR ENOENT: no such file or directory, lstat '/app/node_modules/avvio/test/fixtures'
npm warn tar TAR_ENTRY_ERROR EIO: i/o error, open '/app/node_modules/@fastify/static/test/content-type/index.html'
npm warn tar TAR_ENTRY_ERROR EIO: i/o error, open '/app/node_modules/glob/dist/commonjs/walker.d.ts.map'
npm warn tar TAR_ENTRY_ERROR EIO: i/o error, open '/app/node_modules/@types/node/repl.d.ts'
npm warn tar TAR_ENTRY_ERROR EIO: i/o error, open '/app/node_modules/find-my-way/test/issue-234.test.js'
npm warn tar TAR_ENTRY_ERROR EIO: i/o error, open '/app/node_modules/fast-json-stringify/test/required.test.js'
npm warn tar TAR_ENTRY_ERROR ENOENT: no such file or directory, lstat '/app/node_modules/fast-json-stringify/node_modules/ajv/dist/vocabularies'
npm warn tar TAR_ENTRY_ERROR EIO: i/o error, open '/app/node_modules/fastify/test/internals/context.test.js'
npm warn tar TAR_ENTRY_ERROR ENOENT: no such file or directory, lstat '/app/node_modules/@fastify/send/test/fixtures/name.d'
npm warn tar TAR_ENTRY_ERROR EIO: i/o error, open '/app/node_modules/find-my-way/test/issue-238.test.js'
npm warn tar TAR_ENTRY_ERROR EIO: i/o error, open '/app/node_modules/avvio/test/plugin-timeout-await.test.js'
npm warn tar TAR_ENTRY_ERROR EIO: i/o error, open '/app/node_modules/fast-json-stringify/test/requiresAjv.test.js'
npm warn tar TAR_ENTRY_ERROR EIO: i/o error, open '/app/node_modules/glob/dist/esm/walker.d.ts.map'
npm warn tar TAR_ENTRY_ERROR ENOENT: no such file or directory, lstat '/app/node_modules/fastify/test/http-methods'
npm warn tar TAR_ENTRY_ERROR ENOENT: no such file or directory, lstat '/app/node_modules/@fastify/static/test/static-dotfiles/dir'
npm warn tar TAR_ENTRY_ERROR EIO: i/o error, open '/app/node_modules/@types/node/sea.d.ts'
npm warn tar TAR_ENTRY_ERROR EIO: i/o error, open '/app/node_modules/avvio/test/plugin-timeout.test.js'
npm warn tar TAR_ENTRY_ERROR EIO: i/o error, open '/app/node_modules/glob/dist/commonjs/walker.js.map'
npm warn tar TAR_ENTRY_ERROR EIO: i/o error, open '/app/node_modules/fast-json-stringify/node_modules/ajv/dist/compile/codegen/index.js'
npm warn tar TAR_ENTRY_ERROR EIO: i/o error, open '/app/node_modules/fast-json-stringify/test/sanitize.test.js'
npm warn tar TAR_ENTRY_ERROR ENOENT: no such file or directory, lstat '/app/node_modules/@fastify/send/test/fixtures/name.dir'
npm warn tar TAR_ENTRY_ERROR EIO: i/o error, open '/app/node_modules/find-my-way/test/issue-240.test.js'
npm warn tar TAR_ENTRY_ERROR ENOENT: no such file or directory, lstat '/app/node_modules/avvio/lib'
npm warn tar TAR_ENTRY_ERROR ENOENT: no such file or directory, lstat '/app/node_modules/fastify/test/http-methods'
npm warn tar TAR_ENTRY_ERROR EIO: i/o error, open '/app/node_modules/fast-json-stringify/test/sanitize2.test.js'
npm warn tar TAR_ENTRY_ERROR EIO: i/o error, open '/app/node_modules/@types/node/sqlite.d.ts'
npm warn tar TAR_ENTRY_ERROR EIO: i/o error, open '/app/node_modules/find-my-way/test/issue-241.test.js'
npm warn tar TAR_ENTRY_ERROR EIO: i/o error, open '/app/node_modules/glob/dist/esm/walker.js.map'
npm warn tar TAR_ENTRY_ERROR EIO: i/o error, open '/app/node_modules/fast-json-stringify/node_modules/ajv/dist/compile/index.js'
npm warn tar TAR_ENTRY_ERROR EIO: i/o error, open '/app/node_modules/fast-json-stringify/test/sanitize3.test.js'
npm warn tar TAR_ENTRY_ERROR EIO: i/o error, open '/app/node_modules/@fastify/send/test/fixtures/name.txt'
npm warn tar TAR_ENTRY_ERROR EIO: i/o error, open '/app/node_modules/avvio/test/pretty-print.test.js'
npm warn tar TAR_ENTRY_ERROR EIO: i/o error, open '/app/node_modules/fast-json-stringify/node_modules/ajv/dist/compile/validate/index.js'
npm warn tar TAR_ENTRY_ERROR EIO: i/o error, open '/app/node_modules/find-my-way/test/issue-247.test.js'
npm warn tar TAR_ENTRY_ERROR ENOENT: no such file or directory, lstat '/app/node_modules/@fastify/static/test/static-filtered'
npm warn tar TAR_ENTRY_ERROR EIO: i/o error, open '/app/node_modules/fastify/test/custom-http-server.test.js'
npm warn tar TAR_ENTRY_ERROR EIO: i/o error, open '/app/node_modules/fast-json-stringify/test/sanitize4.test.js'
npm warn tar TAR_ENTRY_ERROR EIO: i/o error, open '/app/node_modules/@types/node/stream.d.ts'
npm warn tar TAR_ENTRY_ERROR EIO: i/o error, open '/app/node_modules/@fastify/send/test/fixtures/nums.txt'
npm warn tar TAR_ENTRY_ERROR EIO: i/o error, open '/app/node_modules/avvio/test/reentrant.test.js'
npm warn tar TAR_ENTRY_ERROR EIO: i/o error, open '/app/node_modules/glob/README.md'
npm warn tar TAR_ENTRY_ERROR EIO: i/o error, open '/app/node_modules/find-my-way/test/issue-254.test.js'
npm warn tar TAR_ENTRY_ERROR ENOENT: no such file or directory, lstat '/app/node_modules/fastify/test/https'
npm warn tar TAR_ENTRY_ERROR EIO: i/o error, open '/app/node_modules/fast-json-stringify/test/sanitize5.test.js'
npm warn tar TAR_ENTRY_ERROR ENOENT: no such file or directory, lstat '/app/node_modules/avvio/lib'
npm warn tar TAR_ENTRY_ERROR EIO: i/o error, open '/app/node_modules/@fastify/send/test/fixtures/some thing.txt'
npm warn tar TAR_ENTRY_ERROR ENOENT: no such file or directory, lstat '/app/node_modules/fast-json-stringify/node_modules/ajv/dist/refs'
npm warn tar TAR_ENTRY_ERROR EIO: i/o error, open '/app/node_modules/find-my-way/test/issue-28.test.js'
npm warn tar TAR_ENTRY_ERROR EIO: i/o error, open '/app/node_modules/@types/node/string_decoder.d.ts'
npm warn tar TAR_ENTRY_ERROR EIO: i/o error, open '/app/node_modules/fast-json-stringify/test/sanitize6.test.js'
npm warn tar TAR_ENTRY_ERROR ENOENT: no such file or directory, lstat '/app/node_modules/@fastify/send/.github'
npm warn tar TAR_ENTRY_ERROR EIO: i/o error, open '/app/node_modules/glob/dist/esm/bin.mjs'
npm warn tar TAR_ENTRY_ERROR EIO: i/o error, open '/app/node_modules/fastify/test/custom-parser-async.test.js'
npm warn tar TAR_ENTRY_ERROR EIO: i/o error, open '/app/node_modules/@types/node/test.d.ts'
npm warn tar TAR_ENTRY_ERROR ENOENT: no such file or directory, lstat '/app/node_modules/avvio/lib'
npm warn tar TAR_ENTRY_ERROR ENOENT: no such file or directory, lstat '/app/node_modules/@fastify/static/test/static-pre-compressed/dir-gz'
npm warn tar TAR_ENTRY_ERROR EIO: i/o error, open '/app/node_modules/fast-json-stringify/test/sanitize7.test.js'
npm warn tar TAR_ENTRY_ERROR ENOENT: no such file or directory, lstat '/app/node_modules/fast-json-stringify/node_modules/ajv/dist/refs'
npm warn tar TAR_ENTRY_ERROR EIO: i/o error, open '/app/node_modules/glob/dist/esm/bin.d.mts'
npm warn tar TAR_ENTRY_ERROR EIO: i/o error, open '/app/node_modules/find-my-way/test/issue-280.test.js'
npm warn tar TAR_ENTRY_ERROR EIO: i/o error, open '/app/node_modules/fastify/test/custom-parser.0.test.js'
npm warn tar TAR_ENTRY_ERROR ENOENT: no such file or directory, lstat '/app/node_modules/@fastify/send/.github'
npm warn tar TAR_ENTRY_ERROR EIO: i/o error, open '/app/node_modules/glob/dist/commonjs/glob.d.ts'
npm warn tar TAR_ENTRY_ERROR EIO: i/o error, open '/app/node_modules/find-my-way/test/issue-285.test.js'
npm warn tar TAR_ENTRY_ERROR EIO: i/o error, open '/app/node_modules/@types/node/timers.d.ts'
npm warn tar TAR_ENTRY_ERROR ENOENT: no such file or directory, lstat '/app/node_modules/avvio/test/lib'
npm warn tar TAR_ENTRY_ERROR ENOENT: no such file or directory, lstat '/app/node_modules/fast-json-stringify/lib'
npm warn tar TAR_ENTRY_ERROR ENOENT: no such file or directory, lstat '/app/node_modules/fast-json-stringify/node_modules/ajv/dist/standalone'
npm warn tar TAR_ENTRY_ERROR EIO: i/o error, open '/app/node_modules/fastify/test/custom-parser.1.test.js'
npm warn tar TAR_ENTRY_ERROR EIO: i/o error, open '/app/node_modules/find-my-way/test/issue-330.test.js'
npm warn tar TAR_ENTRY_ERROR EIO: i/o error, open '/app/node_modules/glob/dist/esm/glob.d.ts'
npm warn tar TAR_ENTRY_ERROR ENOENT: no such file or directory, lstat '/app/node_modules/@fastify/static/test/static-pre-compressed/dir'
npm warn tar TAR_ENTRY_ERROR EIO: i/o error, open '/app/node_modules/fastify/test/custom-parser.2.test.js'
npm warn tar TAR_ENTRY_ERROR ENOENT: no such file or directory, lstat '/app/node_modules/avvio/lib'
npm warn tar TAR_ENTRY_ERROR EIO: i/o error, open '/app/node_modules/@types/node/tls.d.ts'
npm warn tar TAR_ENTRY_ERROR ENOENT: no such file or directory, lstat '/app/node_modules/fast-json-stringify/lib'
npm warn tar TAR_ENTRY_ERROR EIO: i/o error, open '/app/node_modules/find-my-way/test/issue-44.test.js'
npm warn tar TAR_ENTRY_ERROR ENOENT: no such file or directory, lstat '/app/node_modules/fast-json-stringify/node_modules/ajv/dist/types'
npm warn tar TAR_ENTRY_ERROR EIO: i/o error, open '/app/node_modules/fastify/test/custom-parser.3.test.js'
npm warn tar TAR_ENTRY_ERROR EIO: i/o error, open '/app/node_modules/glob/dist/commonjs/has-magic.d.ts'
npm warn tar TAR_ENTRY_ERROR EIO: i/o error, open '/app/node_modules/find-my-way/test/issue-46.test.js'
npm warn tar TAR_ENTRY_ERROR EIO: i/o error, open '/app/node_modules/@fastify/static/test/static-pre-compressed/index.html'
npm warn tar TAR_ENTRY_ERROR ENOENT: no such file or directory, lstat '/app/node_modules/avvio/test/lib'
npm warn tar TAR_ENTRY_ERROR ENOENT: no such file or directory, lstat '/app/node_modules/fast-json-stringify/examples'
npm warn tar TAR_ENTRY_ERROR EIO: i/o error, open '/app/node_modules/@types/node/trace_events.d.ts'
npm warn tar TAR_ENTRY_ERROR EIO: i/o error, open '/app/node_modules/glob/dist/esm/has-magic.d.ts'
npm warn tar TAR_ENTRY_ERROR ENOENT: no such file or directory, lstat '/app/node_modules/fast-json-stringify/node_modules/ajv/dist/vocabularies'
npm warn tar TAR_ENTRY_ERROR EIO: i/o error, open '/app/node_modules/find-my-way/test/issue-49.test.js'
npm warn tar TAR_ENTRY_ERROR EIO: i/o error, open '/app/node_modules/fastify/test/custom-parser.4.test.js'
npm warn tar TAR_ENTRY_ERROR EIO: i/o error, open '/app/node_modules/glob/dist/commonjs/ignore.d.ts'
npm warn tar TAR_ENTRY_ERROR EIO: i/o error, open '/app/node_modules/@types/node/tty.d.ts'
npm warn tar TAR_ENTRY_ERROR EIO: i/o error, open '/app/node_modules/avvio/test/to-json.test.js'
npm warn tar TAR_ENTRY_ERROR EIO: i/o error, open '/app/node_modules/fastify/test/custom-parser.5.test.js'
npm warn tar TAR_ENTRY_ERROR EIO: i/o error, open '/app/node_modules/glob/dist/esm/ignore.d.ts'
npm warn tar TAR_ENTRY_ERROR EIO: i/o error, open '/app/node_modules/fast-json-stringify/test/side-effect.test.js'
npm warn tar TAR_ENTRY_ERROR ENOENT: no such file or directory, lstat '/app/node_modules/@fastify/static/test/static-symbolic-link'
npm warn tar TAR_ENTRY_ERROR ENOENT: no such file or directory, lstat '/app/node_modules/fast-json-stringify/node_modules/ajv/dist/vocabularies'
npm warn tar TAR_ENTRY_ERROR EIO: i/o error, open '/app/node_modules/find-my-way/test/issue-59.test.js'
npm warn tar TAR_ENTRY_ERROR EIO: i/o error, open '/app/node_modules/avvio/test/twice-done.test.js'
npm warn tar TAR_ENTRY_ERROR EIO: i/o error, open '/app/node_modules/fastify/test/custom-querystring-parser.test.js'
npm warn tar TAR_ENTRY_ERROR EIO: i/o error, open '/app/node_modules/glob/dist/commonjs/index.d.ts'
npm warn tar TAR_ENTRY_ERROR EIO: i/o error, open '/app/node_modules/fast-json-stringify/test/standalone-mode.test.js'
npm warn tar TAR_ENTRY_ERROR EIO: i/o error, open '/app/node_modules/@types/node/url.d.ts'
npm warn tar TAR_ENTRY_ERROR EIO: i/o error, open '/app/node_modules/find-my-way/test/issue-62.test.js'
npm warn tar TAR_ENTRY_ERROR ENOENT: no such file or directory, lstat '/app/node_modules/fastify/lib'
npm warn tar TAR_ENTRY_ERROR ENOENT: no such file or directory, lstat '/app/node_modules/avvio/lib'
npm warn tar TAR_ENTRY_ERROR EIO: i/o error, open '/app/node_modules/glob/dist/esm/index.d.ts'
npm warn tar TAR_ENTRY_ERROR ENOENT: no such file or directory, lstat '/app/node_modules/fast-json-stringify/lib'
npm warn tar TAR_ENTRY_ERROR ENOENT: no such file or directory, lstat '/app/node_modules/fast-json-stringify/node_modules/ajv/dist/vocabularies'
npm warn tar TAR_ENTRY_ERROR EIO: i/o error, open '/app/node_modules/find-my-way/test/issue-63.test.js'
npm warn tar TAR_ENTRY_ERROR EIO: i/o error, open '/app/node_modules/glob/dist/commonjs/pattern.d.ts'
npm warn tar TAR_ENTRY_ERROR EIO: i/o error, open '/app/node_modules/@types/node/util.d.ts'
npm warn tar TAR_ENTRY_ERROR EIO: i/o error, open '/app/node_modules/fastify/test/decorator.test.js'
npm warn tar TAR_ENTRY_ERROR ENOENT: no such file or directory, lstat '/app/node_modules/avvio/test/lib'
npm warn tar TAR_ENTRY_ERROR EIO: i/o error, open '/app/node_modules/find-my-way/test/issue-67.test.js'
npm warn tar TAR_ENTRY_ERROR ENOENT: no such file or directory, lstat '/app/node_modules/@fastify/static/test/static'
npm warn tar TAR_ENTRY_ERROR EIO: i/o error, open '/app/node_modules/fast-json-stringify/test/string.test.js'
npm warn tar TAR_ENTRY_ERROR ENOENT: no such file or directory, lstat '/app/node_modules/fast-json-stringify/node_modules/ajv/dist/vocabularies'
npm warn tar TAR_ENTRY_ERROR EIO: i/o error, open '/app/node_modules/glob/dist/esm/pattern.d.ts'
npm warn tar TAR_ENTRY_ERROR EIO: i/o error, open '/app/node_modules/find-my-way/test/issue-93.test.js'
npm warn tar TAR_ENTRY_ERROR EIO: i/o error, open '/app/node_modules/fast-json-stringify/test/surrogate.test.js'
npm warn tar TAR_ENTRY_ERROR EIO: i/o error, open '/app/node_modules/@types/node/v8.d.ts'
npm warn tar TAR_ENTRY_ERROR EIO: i/o error, open '/app/node_modules/fastify/test/internals/decorator.test.js'
npm warn tar TAR_ENTRY_ERROR EIO: i/o error, open '/app/node_modules/avvio/package.json'
npm warn tar TAR_ENTRY_ERROR EIO: i/o error, open '/app/node_modules/glob/dist/commonjs/processor.d.ts'
npm warn tar TAR_ENTRY_ERROR EIO: i/o error, open '/app/node_modules/find-my-way/test/lookup-async.test.js'
npm warn tar TAR_ENTRY_ERROR ENOENT: no such file or directory, lstat '/app/node_modules/fast-json-stringify/node_modules/ajv/dist/vocabularies'
npm warn tar TAR_ENTRY_ERROR EIO: i/o error, open '/app/node_modules/fast-json-stringify/test/toJSON.test.js'
npm warn tar TAR_ENTRY_ERROR EIO: i/o error, open '/app/node_modules/fastify/test/delete.test.js'
npm warn tar TAR_ENTRY_ERROR EIO: i/o error, open '/app/node_modules/glob/dist/esm/processor.d.ts'
npm warn tar TAR_ENTRY_ERROR ENOENT: no such file or directory, lstat '/app/node_modules/avvio/test/types'
npm warn tar TAR_ENTRY_ERROR EIO: i/o error, open '/app/node_modules/@types/node/vm.d.ts'
npm warn tar TAR_ENTRY_ERROR EIO: i/o error, open '/app/node_modules/find-my-way/test/lookup.test.js'
npm warn tar TAR_ENTRY_ERROR EIO: i/o error, open '/app/node_modules/glob/dist/commonjs/walker.d.ts'
npm warn tar TAR_ENTRY_ERROR ENOENT: no such file or directory, lstat '/app/node_modules/@fastify/static/test/static'
npm warn tar TAR_ENTRY_ERROR ENOENT: no such file or directory, lstat '/app/node_modules/fast-json-stringify/node_modules/ajv/dist/vocabularies'
npm warn tar TAR_ENTRY_ERROR EIO: i/o error, open '/app/node_modules/fast-json-stringify/test/typebox.test.js'
npm warn tar TAR_ENTRY_ERROR EIO: i/o error, open '/app/node_modules/find-my-way/test/matching-order.test.js'
npm warn tar TAR_ENTRY_ERROR EIO: i/o error, open '/app/node_modules/fastify/test/encapsulated-child-logger-factory.test.js'
npm warn tar TAR_ENTRY_ERROR EIO: i/o error, open '/app/node_modules/glob/dist/esm/walker.d.ts'
npm warn tar TAR_ENTRY_ERROR EIO: i/o error, open '/app/node_modules/avvio/README.md'
npm warn tar TAR_ENTRY_ERROR EIO: i/o error, open '/app/node_modules/@types/node/wasi.d.ts'
npm warn tar TAR_ENTRY_ERROR EIO: i/o error, open '/app/node_modules/fast-json-stringify/test/typesArray.test.js'
npm warn tar TAR_ENTRY_ERROR EIO: i/o error, open '/app/node_modules/find-my-way/test/max-param-length.test.js'
npm warn tar TAR_ENTRY_ERROR EIO: i/o error, open '/app/node_modules/fastify/test/encapsulated-error-handler.test.js'
npm warn tar TAR_ENTRY_ERROR ENOENT: no such file or directory, lstat '/app/node_modules/fast-json-stringify/node_modules/ajv/dist/vocabularies'
npm warn tar TAR_ENTRY_ERROR EIO: i/o error, open '/app/node_modules/@types/node/worker_threads.d.ts'
npm warn tar TAR_ENTRY_ERROR EIO: i/o error, open '/app/node_modules/fast-json-stringify/test/unknownFormats.test.js'
npm warn tar TAR_ENTRY_ERROR EIO: i/o error, open '/app/node_modules/fastify/test/diagnostics-channel/error-before-handler.test.js'
npm warn tar TAR_ENTRY_ERROR EIO: i/o error, open '/app/node_modules/avvio/test/esm.mjs'
npm warn tar TAR_ENTRY_ERROR EIO: i/o error, open '/app/node_modules/find-my-way/test/methods.test.js'
npm warn tar TAR_ENTRY_ERROR ENOENT: no such file or directory, lstat '/app/node_modules/@fastify/static/test/static2'
npm warn tar TAR_ENTRY_ERROR ENOENT: no such file or directory, lstat '/app/node_modules/fastify/lib'
npm warn tar TAR_ENTRY_ERROR ENOENT: no such file or directory, lstat '/app/node_modules/fast-json-stringify/test/json-schema-test-suite'
npm warn tar TAR_ENTRY_ERROR ENOENT: no such file or directory, lstat '/app/node_modules/avvio/test/fixtures'
npm warn tar TAR_ENTRY_ERROR ENOENT: no such file or directory, lstat '/app/node_modules/fast-json-stringify/node_modules/ajv/dist/vocabularies'
npm warn tar TAR_ENTRY_ERROR EIO: i/o error, open '/app/node_modules/@types/node/zlib.d.ts'
npm warn tar TAR_ENTRY_ERROR EIO: i/o error, open '/app/node_modules/find-my-way/lib/node.js'
npm warn tar TAR_ENTRY_ERROR ENOENT: no such file or directory, lstat '/app/node_modules/@fastify/static/example'
npm warn tar TAR_ENTRY_ERROR ENOENT: no such file or directory, lstat '/app/node_modules/fast-json-stringify/lib'
npm warn tar TAR_ENTRY_ERROR EIO: i/o error, open '/app/node_modules/fastify/test/diagnostics-channel/error-request.test.js'
npm warn tar TAR_ENTRY_ERROR EIO: i/o error, open '/app/node_modules/avvio/index.d.ts'
npm warn tar TAR_ENTRY_ERROR ENOENT: no such file or directory, lstat '/app/node_modules/fast-json-stringify/node_modules/ajv/dist/standalone'
npm warn tar TAR_ENTRY_ERROR EIO: i/o error, open '/app/node_modules/find-my-way/lib/null-object.js'
npm warn tar TAR_ENTRY_ERROR ENOENT: no such file or directory, lstat '/app/node_modules/@types/node/assert'
npm warn tar TAR_ENTRY_ERROR ENOENT: no such file or directory, lstat '/app/node_modules/fastify/lib'
npm warn tar TAR_ENTRY_ERROR ENOENT: no such file or directory, lstat '/app/node_modules/avvio/test/types'
npm warn tar TAR_ENTRY_ERROR EIO: i/o error, open '/app/node_modules/find-my-way/test/null-object.test.js'
npm warn tar TAR_ENTRY_ERROR EIO: i/o error, open '/app/node_modules/@fastify/static/test/static-pre-compressed/uncompressed.html'
npm warn tar TAR_ENTRY_ERROR EIO: i/o error, open '/app/node_modules/fast-json-stringify/test/webpack.test.js'
npm warn tar TAR_ENTRY_ERROR EIO: i/o error, open '/app/node_modules/pino/.eslintignore'
npm warn tar TAR_ENTRY_ERROR ENOENT: no such file or directory, lstat '/app/node_modules/fast-json-stringify/node_modules/ajv/dist/vocabularies'
npm warn tar TAR_ENTRY_ERROR ENOENT: no such file or directory, lstat '/app/node_modules/@fastify/static/example'
npm warn tar TAR_ENTRY_ERROR EIO: i/o error, open '/app/node_modules/find-my-way/test/on-bad-url.test.js'
npm warn tar TAR_ENTRY_ERROR EIO: i/o error, open '/app/node_modules/fast-json-stringify/package.json'
npm warn tar TAR_ENTRY_ERROR ENOENT: no such file or directory, lstat '/app/node_modules/@types/node/compatibility'
npm warn tar TAR_ENTRY_ERROR ENOENT: no such file or directory, lstat '/app/node_modules/fastify/test/build'
npm warn tar TAR_ENTRY_ERROR ENOENT: no such file or directory, lstat '/app/node_modules/avvio/test/fixtures'
npm warn tar TAR_ENTRY_ERROR EIO: i/o error, open '/app/node_modules/pino/.eslintrc'
npm warn tar TAR_ENTRY_ERROR EIO: i/o error, open '/app/node_modules/fast-json-stringify/test/ref.json'
npm warn tar TAR_ENTRY_ERROR EIO: i/o error, open '/app/node_modules/find-my-way/test/optional-params.test.js'
npm warn tar TAR_ENTRY_ERROR ENOENT: no such file or directory, lstat '/app/node_modules/fast-json-stringify/node_modules/ajv/dist/vocabularies'
npm warn tar TAR_ENTRY_ERROR EIO: i/o error, open '/app/node_modules/@fastify/static/test/content-type/sample.jpg'
npm warn tar TAR_ENTRY_ERROR ENOENT: no such file or directory, lstat '/app/node_modules/fast-json-stringify/test/json-schema-test-suite'
npm warn tar TAR_ENTRY_ERROR EIO: i/o error, open '/app/node_modules/pino/.nojekyll'
npm warn tar TAR_ENTRY_ERROR EIO: i/o error, open '/app/node_modules/find-my-way/test/params-collisions.test.js'
npm warn tar TAR_ENTRY_ERROR EIO: i/o error, open '/app/node_modules/fastify/test/diagnostics-channel/error-status.test.js'
npm warn tar TAR_ENTRY_ERROR ENOENT: no such file or directory, lstat '/app/node_modules/@types/node/dns'
npm warn tar TAR_ENTRY_ERROR ENOENT: no such file or directory, lstat '/app/node_modules/avvio/.github'
npm warn tar TAR_ENTRY_ERROR EIO: i/o error, open '/app/node_modules/pino/.prettierignore'
npm warn tar TAR_ENTRY_ERROR ENOENT: no such file or directory, lstat '/app/node_modules/fastify/lib'
npm warn tar TAR_ENTRY_ERROR EIO: i/o error, open '/app/node_modules/find-my-way/test/path-params-match.test.js'
npm warn tar TAR_ENTRY_ERROR ENOENT: no such file or directory, lstat '/app/node_modules/fast-json-stringify/node_modules/ajv/dist/types'
npm warn tar TAR_ENTRY_ERROR ENOENT: no such file or directory, lstat '/app/node_modules/fast-json-stringify/test/json-schema-test-suite'
npm warn tar TAR_ENTRY_ERROR EIO: i/o error, open '/app/node_modules/@fastify/static/test/static-pre-compressed/sample.jpg'
npm warn tar TAR_ENTRY_ERROR ENOENT: no such file or directory, lstat '/app/node_modules/@types/node/fs'
npm warn tar TAR_ENTRY_ERROR EIO: i/o error, open '/app/node_modules/pino/CNAME'
npm warn tar TAR_ENTRY_ERROR EIO: i/o error, open '/app/node_modules/find-my-way/test/pretty-print-tree.test.js'
npm warn tar TAR_ENTRY_ERROR ENOENT: no such file or directory, lstat '/app/node_modules/avvio/.github'
npm warn tar TAR_ENTRY_ERROR EIO: i/o error, open '/app/node_modules/pino/LICENSE'
npm warn tar TAR_ENTRY_ERROR EIO: i/o error, open '/app/node_modules/fastify/test/internals/errors.test.js'
npm warn tar TAR_ENTRY_ERROR ENOENT: no such file or directory, lstat '/app/node_modules/fast-json-stringify/node_modules/ajv/dist/refs'
npm warn tar TAR_ENTRY_ERROR ENOENT: no such file or directory, lstat '/app/node_modules/@types/node/readline'
npm warn tar TAR_ENTRY_ERROR ENOENT: no such file or directory, lstat '/app/node_modules/fast-json-stringify/test/json-schema-test-suite'
npm warn tar TAR_ENTRY_ERROR EIO: i/o error, open '/app/node_modules/find-my-way/lib/pretty-print.js'
npm warn tar TAR_ENTRY_ERROR ENOENT: no such file or directory, lstat '/app/node_modules/pino/test'
npm warn tar TAR_ENTRY_ERROR ENOENT: no such file or directory, lstat '/app/node_modules/avvio/.github'
npm warn tar TAR_ENTRY_ERROR EIO: i/o error, open '/app/node_modules/find-my-way/test/pretty-print.test.js'
npm warn tar TAR_ENTRY_ERROR EIO: i/o error, open '/app/node_modules/fastify/eslint.config.js'
npm warn tar TAR_ENTRY_ERROR ENOENT: no such file or directory, lstat '/app/node_modules/fast-json-stringify/node_modules/ajv/dist/types'
npm warn tar TAR_ENTRY_ERROR ENOENT: no such file or directory, lstat '/app/node_modules/@fastify/static/test/static'
npm warn tar TAR_ENTRY_ERROR ENOENT: no such file or directory, lstat '/app/node_modules/@types/node/stream'
npm warn tar TAR_ENTRY_ERROR EIO: i/o error, open '/app/node_modules/fast-json-stringify/README.md'
npm warn tar TAR_ENTRY_ERROR ENOENT: no such file or directory, lstat '/app/node_modules/fastify/test/bundler'
npm warn tar TAR_ENTRY_ERROR ENOENT: no such file or directory, lstat '/app/node_modules/pino/test'
npm warn tar TAR_ENTRY_ERROR ENOENT: no such file or directory, lstat '/app/node_modules/avvio/.github'
npm warn tar TAR_ENTRY_ERROR EIO: i/o error, open '/app/node_modules/find-my-way/test/querystring.test.js'
npm warn tar TAR_ENTRY_ERROR ENOENT: no such file or directory, lstat '/app/node_modules/@types/node/stream'
npm warn tar TAR_ENTRY_ERROR ENOENT: no such file or directory, lstat '/app/node_modules/fast-json-stringify/test/json-schema-test-suite'
npm warn tar TAR_ENTRY_ERROR EIO: i/o error, open '/app/node_modules/fast-json-stringify/node_modules/ajv/dist/jtd.js'
npm warn tar TAR_ENTRY_ERROR ENOENT: no such file or directory, lstat '/app/node_modules/fastify/test/bundler'
npm warn tar TAR_ENTRY_ERROR EIO: i/o error, open '/app/node_modules/fast-json-stringify/node_modules/ajv/dist/compile/validate/keyword.js'
npm warn tar TAR_ENTRY_ERROR EIO: i/o error, open '/app/node_modules/find-my-way/test/regex.test.js'
npm warn tar TAR_ENTRY_ERROR EIO: i/o error, open '/app/node_modules/pino/index.html'
npm warn tar TAR_ENTRY_ERROR EIO: i/o error, open '/app/node_modules/@fastify/static/test/content-type.test.js'
npm warn tar TAR_ENTRY_ERROR ENOENT: no such file or directory, lstat '/app/node_modules/@types/node/stream'
npm warn tar TAR_ENTRY_ERROR EIO: i/o error, open '/app/node_modules/find-my-way/test/routes-registered.test.js'
npm warn tar TAR_ENTRY_ERROR EIO: i/o error, open '/app/node_modules/pino/favicon.ico'
npm warn tar TAR_ENTRY_ERROR ENOENT: no such file or directory, lstat '/app/node_modules/fast-json-stringify/types'
npm warn tar TAR_ENTRY_ERROR ENOENT: no such file or directory, lstat '/app/node_modules/fast-json-stringify/node_modules/ajv/dist/vocabularies'
npm warn tar TAR_ENTRY_ERROR EIO: i/o error, open '/app/node_modules/fastify/test/fastify-instance.test.js'
npm warn tar TAR_ENTRY_ERROR EIO: i/o error, open '/app/node_modules/@fastify/static/test/dir-list.test.js'
npm warn tar TAR_ENTRY_ERROR EIO: i/o error, open '/app/node_modules/find-my-way/test/server.test.js'
npm warn tar TAR_ENTRY_ERROR ENOENT: no such file or directory, lstat '/app/node_modules/pino/test'
npm warn tar TAR_ENTRY_ERROR ENOENT: no such file or directory, lstat '/app/node_modules/@types/node/timers'
npm warn tar TAR_ENTRY_ERROR ENOENT: no such file or directory, lstat '/app/node_modules/fast-json-stringify/types'
npm warn tar TAR_ENTRY_ERROR ENOENT: no such file or directory, lstat '/app/node_modules/fast-json-stringify/node_modules/ajv/dist/vocabularies'
npm warn tar TAR_ENTRY_ERROR EIO: i/o error, open '/app/node_modules/fastify/fastify.js'
npm warn tar TAR_ENTRY_ERROR ENOENT: no such file or directory, lstat '/app/node_modules/@fastify/static/lib'
npm warn tar TAR_ENTRY_ERROR EIO: i/o error, open '/app/node_modules/find-my-way/test/shorthands.test.js'
npm warn tar TAR_ENTRY_ERROR ENOENT: no such file or directory, lstat '/app/node_modules/@types/node/ts5.6'
npm warn tar TAR_ENTRY_ERROR ENOENT: no such file or directory, lstat '/app/node_modules/pino/test'
npm warn tar TAR_ENTRY_ERROR ENOENT: no such file or directory, lstat '/app/node_modules/fast-json-stringify/.github'
npm warn tar TAR_ENTRY_ERROR EIO: i/o error, open '/app/node_modules/fastify/test/find-route.test.js'
npm warn tar TAR_ENTRY_ERROR EIO: i/o error, open '/app/node_modules/find-my-way/test/store.test.js'
npm warn tar TAR_ENTRY_ERROR ENOENT: no such file or directory, lstat '/app/node_modules/fast-json-stringify/node_modules/ajv/dist/vocabularies'
npm warn tar TAR_ENTRY_ERROR EIO: i/o error, open '/app/node_modules/@fastify/static/eslint.config.js'
npm warn tar TAR_ENTRY_ERROR ENOENT: no such file or directory, lstat '/app/node_modules/find-my-way/benchmark'
npm warn tar TAR_ENTRY_ERROR ENOENT: no such file or directory, lstat '/app/node_modules/pino/benchmarks'
npm warn tar TAR_ENTRY_ERROR ENOENT: no such file or directory, lstat '/app/node_modules/@types/node/ts5.6'
npm warn tar TAR_ENTRY_ERROR ENOENT: no such file or directory, lstat '/app/node_modules/fast-json-stringify/.github'
npm warn tar TAR_ENTRY_ERROR EIO: i/o error, open '/app/node_modules/fastify/test/fluent-schema.test.js'
npm warn tar TAR_ENTRY_ERROR ENOENT: no such file or directory, lstat '/app/node_modules/@fastify/static/example'
npm warn tar TAR_ENTRY_ERROR ENOENT: no such file or directory, lstat '/app/node_modules/fast-json-stringify/node_modules/ajv/dist/vocabularies'
npm warn tar TAR_ENTRY_ERROR ENOENT: no such file or directory, lstat '/app/node_modules/pino/examples'
npm warn tar TAR_ENTRY_ERROR EIO: i/o error, open '/app/node_modules/find-my-way/lib/url-sanitizer.js'
npm warn tar TAR_ENTRY_ERROR ENOENT: no such file or directory, lstat '/app/node_modules/@types/node/ts5.6'
npm warn tar TAR_ENTRY_ERROR ENOENT: no such file or directory, lstat '/app/node_modules/fast-json-stringify/.github'
npm warn tar TAR_ENTRY_ERROR ENOENT: no such file or directory, lstat '/app/node_modules/fastify/lib'
npm warn tar TAR_ENTRY_ERROR EIO: i/o error, open '/app/node_modules/@fastify/static/index.js'
npm warn tar TAR_ENTRY_ERROR ENOENT: no such file or directory, lstat '/app/node_modules/fast-json-stringify/node_modules/ajv/dist/vocabularies'
npm warn tar TAR_ENTRY_ERROR ENOENT: no such file or directory, lstat '/app/node_modules/pino/test'
npm warn tar TAR_ENTRY_ERROR EIO: i/o error, open '/app/node_modules/find-my-way/package.json'
npm warn tar TAR_ENTRY_ERROR ENOENT: no such file or directory, lstat '/app/node_modules/@types/node/ts5.7'
npm warn tar TAR_ENTRY_ERROR ENOENT: no such file or directory, lstat '/app/node_modules/fast-json-stringify/.github'
npm warn tar TAR_ENTRY_ERROR EIO: i/o error, open '/app/node_modules/fastify/test/genReqId.test.js'
npm warn tar TAR_ENTRY_ERROR ENOENT: no such file or directory, lstat '/app/node_modules/@fastify/static/example'
npm warn tar TAR_ENTRY_ERROR ENOENT: no such file or directory, lstat '/app/node_modules/pino/test'
npm warn tar TAR_ENTRY_ERROR ENOENT: no such file or directory, lstat '/app/node_modules/fast-json-stringify/node_modules/ajv/dist/vocabularies'
npm warn tar TAR_ENTRY_ERROR EIO: i/o error, open '/app/node_modules/find-my-way/README.md'
npm warn tar TAR_ENTRY_ERROR ENOENT: no such file or directory, lstat '/app/node_modules/@types/node/ts5.6'
npm warn tar TAR_ENTRY_ERROR ENOENT: no such file or directory, lstat '/app/node_modules/fastify/test/http-methods'
npm warn tar TAR_ENTRY_ERROR ENOENT: no such file or directory, lstat '/app/node_modules/@fastify/static/example'
npm warn tar TAR_ENTRY_ERROR ENOENT: no such file or directory, lstat '/app/node_modules/pino/test'
npm warn tar TAR_ENTRY_ERROR ENOENT: no such file or directory, lstat '/app/node_modules/fast-json-stringify/node_modules/ajv/dist/vocabularies'
npm warn tar TAR_ENTRY_ERROR EIO: i/o error, open '/app/node_modules/find-my-way/index.d.ts'
npm warn tar TAR_ENTRY_ERROR ENOENT: no such file or directory, lstat '/app/node_modules/@types/node/ts5.7'
npm warn tar TAR_ENTRY_ERROR ENOENT: no such file or directory, lstat '/app/node_modules/find-my-way/test/types'
npm warn tar TAR_ENTRY_ERROR ENOENT: no such file or directory, lstat '/app/node_modules/@fastify/static/example'
npm warn tar TAR_ENTRY_ERROR EIO: i/o error, open '/app/node_modules/fastify/test/internals/handle-request.test.js'
npm warn tar TAR_ENTRY_ERROR ENOENT: no such file or directory, lstat '/app/node_modules/pino/test'
npm warn tar TAR_ENTRY_ERROR ENOENT: no such file or directory, lstat '/app/node_modules/fast-json-stringify/node_modules/ajv/dist/vocabularies'
npm warn tar TAR_ENTRY_ERROR ENOENT: no such file or directory, lstat '/app/node_modules/find-my-way/.github'
npm warn tar TAR_ENTRY_ERROR ENOENT: no such file or directory, lstat '/app/node_modules/@fastify/static/example'
npm warn tar TAR_ENTRY_ERROR EIO: i/o error, open '/app/node_modules/fastify/test/handler-context.test.js'
npm warn tar TAR_ENTRY_ERROR EIO: i/o error, open '/app/node_modules/pino/bin.js'
npm warn tar TAR_ENTRY_ERROR EIO: i/o error, open '/app/node_modules/fast-json-stringify/node_modules/ajv/dist/compile/names.js'
npm warn tar TAR_ENTRY_ERROR ENOENT: no such file or directory, lstat '/app/node_modules/fastify/lib'
npm warn tar TAR_ENTRY_ERROR ENOENT: no such file or directory, lstat '/app/node_modules/find-my-way/.github'
npm warn tar TAR_ENTRY_ERROR EIO: i/o error, open '/app/node_modules/@fastify/static/test/static.test.js'
npm warn tar TAR_ENTRY_ERROR ENOENT: no such file or directory, lstat '/app/node_modules/pino/test'
npm warn tar TAR_ENTRY_ERROR ENOENT: no such file or directory, lstat '/app/node_modules/fast-json-stringify/node_modules/ajv/dist/vocabularies'
npm warn tar TAR_ENTRY_ERROR EIO: i/o error, open '/app/node_modules/fastify/test/has-route.test.js'
npm warn tar TAR_ENTRY_ERROR ENOENT: no such file or directory, lstat '/app/node_modules/pino/test'
npm warn tar TAR_ENTRY_ERROR EIO: i/o error, open '/app/node_modules/@fastify/static/test/static-pre-compressed/baz.json'
npm warn tar TAR_ENTRY_ERROR ENOENT: no such file or directory, lstat '/app/node_modules/fastify/test/http-methods'
npm warn tar TAR_ENTRY_ERROR EIO: i/o error, open '/app/node_modules/@fastify/static/package.json'
npm warn tar TAR_ENTRY_ERROR ENOENT: no such file or directory, lstat '/app/node_modules/fast-json-stringify/node_modules/ajv/dist/vocabularies'
npm warn tar TAR_ENTRY_ERROR ENOENT: no such file or directory, lstat '/app/node_modules/pino/test'
npm warn tar TAR_ENTRY_ERROR ENOENT: no such file or directory, lstat '/app/node_modules/fastify/test/http2'
npm warn tar TAR_ENTRY_ERROR ENOENT: no such file or directory, lstat '/app/node_modules/@fastify/static/example'
npm warn tar TAR_ENTRY_ERROR ENOENT: no such file or directory, lstat '/app/node_modules/fast-json-stringify/node_modules/ajv/dist/vocabularies'
npm warn tar TAR_ENTRY_ERROR ENOENT: no such file or directory, lstat '/app/node_modules/pino/test'
npm warn tar TAR_ENTRY_ERROR EIO: i/o error, open '/app/node_modules/fastify/test/header-overflow.test.js'
npm warn tar TAR_ENTRY_ERROR ENOENT: no such file or directory, lstat '/app/node_modules/@fastify/static/test/static-hidden'
npm warn tar TAR_ENTRY_ERROR ENOENT: no such file or directory, lstat '/app/node_modules/fastify/lib'
npm warn tar TAR_ENTRY_ERROR ENOENT: no such file or directory, lstat '/app/node_modules/fast-json-stringify/node_modules/ajv/dist/vocabularies'
npm warn tar TAR_ENTRY_ERROR ENOENT: no such file or directory, lstat '/app/node_modules/pino/test'
npm warn tar TAR_ENTRY_ERROR ENOENT: no such file or directory, lstat '/app/node_modules/@fastify/static/test/static-encode'
npm warn tar TAR_ENTRY_ERROR EIO: i/o error, open '/app/node_modules/fastify/test/helper.js'
npm warn tar TAR_ENTRY_ERROR ENOENT: no such file or directory, lstat '/app/node_modules/fast-json-stringify/node_modules/ajv/dist/vocabularies'
npm warn tar TAR_ENTRY_ERROR ENOENT: no such file or directory, lstat '/app/node_modules/@fastify/static/test/static'
npm warn tar TAR_ENTRY_ERROR ENOENT: no such file or directory, lstat '/app/node_modules/pino/test'
npm warn tar TAR_ENTRY_ERROR EIO: i/o error, open '/app/node_modules/fastify/test/internals/hook-runner.test.js'
npm warn tar TAR_ENTRY_ERROR ENOENT: no such file or directory, lstat '/app/node_modules/fast-json-stringify/node_modules/ajv/dist/compile/jtd'
npm warn tar TAR_ENTRY_ERROR EIO: i/o error, open '/app/node_modules/@fastify/static/README.md'
npm warn tar TAR_ENTRY_ERROR ENOENT: no such file or directory, lstat '/app/node_modules/pino/test'
npm warn tar TAR_ENTRY_ERROR EIO: i/o error, open '/app/node_modules/fastify/test/hooks-async.test.js'
npm warn tar TAR_ENTRY_ERROR ENOENT: no such file or directory, lstat '/app/node_modules/fast-json-stringify/node_modules/ajv/dist/runtime'
npm warn tar TAR_ENTRY_ERROR ENOENT: no such file or directory, lstat '/app/node_modules/@fastify/static/test/static-filtered'
npm warn tar TAR_ENTRY_ERROR ENOENT: no such file or directory, lstat '/app/node_modules/pino/test'
npm warn tar TAR_ENTRY_ERROR ENOENT: no such file or directory, lstat '/app/node_modules/fastify/examples'
npm warn tar TAR_ENTRY_ERROR ENOENT: no such file or directory, lstat '/app/node_modules/fast-json-stringify/node_modules/ajv/dist/vocabularies'
npm warn tar TAR_ENTRY_ERROR ENOENT: no such file or directory, lstat '/app/node_modules/@fastify/static/test/static-filtered'
npm warn tar TAR_ENTRY_ERROR ENOENT: no such file or directory, lstat '/app/node_modules/fastify/examples'
npm warn tar TAR_ENTRY_ERROR ENOENT: no such file or directory, lstat '/app/node_modules/pino/test'
npm warn tar TAR_ENTRY_ERROR ENOENT: no such file or directory, lstat '/app/node_modules/fast-json-stringify/node_modules/ajv/dist/vocabularies'
npm warn tar TAR_ENTRY_ERROR EIO: i/o error, open '/app/node_modules/pino/test/fixtures/broken-pipe/destination.js'
npm warn tar TAR_ENTRY_ERROR EIO: i/o error, open '/app/node_modules/fastify/test/inject.test.js'
npm warn tar TAR_ENTRY_ERROR EIO: i/o error, open '/app/node_modules/pino/test/error.test.js'
npm warn tar TAR_ENTRY_ERROR EIO: i/o error, open '/app/node_modules/fastify/test/input-validation.js'
npm warn tar TAR_ENTRY_ERROR EIO: i/o error, open '/app/node_modules/fast-json-stringify/node_modules/ajv/dist/vocabularies/jtd/type.js'
npm warn tar TAR_ENTRY_ERROR EIO: i/o error, open '/app/node_modules/pino/test/errorKey.test.js'
npm warn tar TAR_ENTRY_ERROR EIO: i/o error, open '/app/node_modules/fast-json-stringify/node_modules/ajv/dist/compile/jtd/types.js'
npm warn tar TAR_ENTRY_ERROR ENOENT: no such file or directory, lstat '/app/node_modules/fastify/test/logger'
npm warn tar TAR_ENTRY_ERROR EIO: i/o error, open '/app/node_modules/pino/test/escaping.test.js'
npm warn tar TAR_ENTRY_ERROR ENOENT: no such file or directory, lstat '/app/node_modules/fast-json-stringify/node_modules/ajv/dist/vocabularies/discriminator'
npm warn tar TAR_ENTRY_ERROR EIO: i/o error, open '/app/node_modules/pino/test/exit.test.js'
npm warn tar TAR_ENTRY_ERROR EIO: i/o error, open '/app/node_modules/fastify/test/issue-4959.test.js'
npm warn tar TAR_ENTRY_ERROR EIO: i/o error, open '/app/node_modules/pino/file.js'
npm warn tar TAR_ENTRY_ERROR EIO: i/o error, open '/app/node_modules/fast-json-stringify/node_modules/ajv/dist/runtime/ucs2length.js'
npm warn tar TAR_ENTRY_ERROR ENOENT: no such file or directory, lstat '/app/node_modules/pino/test/fixtures/eval'
npm warn tar TAR_ENTRY_ERROR EIO: i/o error, open '/app/node_modules/fastify/test/keep-alive-timeout.test.js'
npm warn tar TAR_ENTRY_ERROR ENOENT: no such file or directory, lstat '/app/node_modules/fast-json-stringify/node_modules/ajv/dist/vocabularies/unevaluated'
npm warn tar TAR_ENTRY_ERROR ENOENT: no such file or directory, lstat '/app/node_modules/pino/test/fixtures/eval'
npm warn tar TAR_ENTRY_ERROR EIO: i/o error, open '/app/node_modules/fastify/test/listen.1.test.js'
npm warn tar TAR_ENTRY_ERROR ENOENT: no such file or directory, lstat '/app/node_modules/pino/test/fixtures/eval'
npm warn tar TAR_ENTRY_ERROR EIO: i/o error, open '/app/node_modules/fastify/test/listen.2.test.js'
npm warn tar TAR_ENTRY_ERROR ENOENT: no such file or directory, lstat '/app/node_modules/fast-json-stringify/node_modules/ajv/dist/vocabularies/unevaluated'
npm warn tar TAR_ENTRY_ERROR ENOENT: no such file or directory, lstat '/app/node_modules/pino/test/fixtures/eval'
npm warn tar TAR_ENTRY_ERROR EIO: i/o error, open '/app/node_modules/fastify/test/listen.3.test.js'
npm warn tar TAR_ENTRY_ERROR EIO: i/o error, open '/app/node_modules/fast-json-stringify/node_modules/ajv/dist/vocabularies/jtd/union.js'
npm warn tar TAR_ENTRY_ERROR EIO: i/o error, open '/app/node_modules/fast-json-stringify/node_modules/ajv/dist/vocabularies/validation/uniqueItems.js'
npm warn tar TAR_ENTRY_ERROR EIO: i/o error, open '/app/node_modules/fastify/test/listen.4.test.js'
npm warn tar TAR_ENTRY_ERROR ENOENT: no such file or directory, lstat '/app/node_modules/pino/test/fixtures/eval'
npm warn tar TAR_ENTRY_ERROR EIO: i/o error, open '/app/node_modules/fastify/test/listen.5.test.js'
npm warn tar TAR_ENTRY_ERROR ENOENT: no such file or directory, lstat '/app/node_modules/pino/test/fixtures/eval'
npm warn tar TAR_ENTRY_ERROR EIO: i/o error, open '/app/node_modules/fast-json-stringify/node_modules/ajv/dist/runtime/uri.js'
npm warn tar TAR_ENTRY_ERROR EIO: i/o error, open '/app/node_modules/fast-json-stringify/node_modules/ajv/dist/compile/util.js'
npm warn tar TAR_ENTRY_ERROR ENOENT: no such file or directory, lstat '/app/node_modules/fastify/test/http-methods'
npm warn tar TAR_ENTRY_ERROR EIO: i/o error, open '/app/node_modules/fast-json-stringify/node_modules/ajv/dist/runtime/validation_error.js'
npm warn tar TAR_ENTRY_ERROR ENOENT: no such file or directory, lstat '/app/node_modules/pino/test/fixtures/eval'
npm warn tar TAR_ENTRY_ERROR EIO: i/o error, open '/app/node_modules/fast-json-stringify/node_modules/ajv/dist/vocabularies/jtd/values.js'
npm warn tar TAR_ENTRY_ERROR EIO: i/o error, open '/app/node_modules/fastify/lib/logger-factory.js'
npm warn tar TAR_ENTRY_ERROR ENOENT: no such file or directory, lstat '/app/node_modules/fast-json-stringify/node_modules/ajv/dist/refs'
npm warn tar TAR_ENTRY_ERROR ENOENT: no such file or directory, lstat '/app/node_modules/pino/test/fixtures/eval'
npm warn tar TAR_ENTRY_ERROR EIO: i/o error, open '/app/node_modules/fastify/lib/logger-pino.js'
npm warn tar TAR_ENTRY_ERROR ENOENT: no such file or directory, lstat '/app/node_modules/fast-json-stringify/node_modules/ajv/dist/refs'
npm warn tar TAR_ENTRY_ERROR ENOENT: no such file or directory, lstat '/app/node_modules/fastify/test/logger'
npm warn tar TAR_ENTRY_ERROR ENOENT: no such file or directory, lstat '/app/node_modules/pino/test/fixtures/eval'
npm warn tar TAR_ENTRY_ERROR ENOENT: no such file or directory, lstat '/app/node_modules/fast-json-stringify/node_modules/ajv/lib'
npm warn tar TAR_ENTRY_ERROR EIO: i/o error, open '/app/node_modules/fastify/test/internals/logger.test.js'
npm warn tar TAR_ENTRY_ERROR ENOENT: no such file or directory, lstat '/app/node_modules/fastify/test/logger'
npm warn tar TAR_ENTRY_ERROR ENOENT: no such file or directory, lstat '/app/node_modules/pino/test/fixtures/eval'
npm warn tar TAR_ENTRY_ERROR ENOENT: no such file or directory, lstat '/app/node_modules/fast-json-stringify/node_modules/ajv/lib'
npm warn tar TAR_ENTRY_ERROR EIO: i/o error, open '/app/node_modules/fastify/test/max-requests-per-socket.test.js'
npm warn tar TAR_ENTRY_ERROR ENOENT: no such file or directory, lstat '/app/node_modules/pino/test/fixtures/eval'
npm warn tar TAR_ENTRY_ERROR EIO: i/o error, open '/app/node_modules/fastify/test/middleware.test.js'
npm warn tar TAR_ENTRY_ERROR ENOENT: no such file or directory, lstat '/app/node_modules/fast-json-stringify/node_modules/ajv/dist/refs'
npm warn tar TAR_ENTRY_ERROR ENOENT: no such file or directory, lstat '/app/node_modules/fastify/test/http-methods'
npm warn tar TAR_ENTRY_ERROR ENOENT: no such file or directory, lstat '/app/node_modules/pino/test/fixtures/eval'
npm warn tar TAR_ENTRY_ERROR ENOENT: no such file or directory, lstat '/app/node_modules/fast-json-stringify/node_modules/ajv/dist/refs'
npm warn tar TAR_ENTRY_ERROR ENOENT: no such file or directory, lstat '/app/node_modules/fastify/test/http-methods'
npm warn tar TAR_ENTRY_ERROR ENOENT: no such file or directory, lstat '/app/node_modules/pino/test/fixtures/eval'
npm warn tar TAR_ENTRY_ERROR ENOENT: no such file or directory, lstat '/app/node_modules/fast-json-stringify/node_modules/ajv/lib'
npm warn tar TAR_ENTRY_ERROR ENOENT: no such file or directory, lstat '/app/node_modules/pino/test/fixtures/eval'
npm warn tar TAR_ENTRY_ERROR ENOENT: no such file or directory, lstat '/app/node_modules/fastify/test/http-methods'
npm warn tar TAR_ENTRY_ERROR ENOENT: no such file or directory, lstat '/app/node_modules/fast-json-stringify/node_modules/ajv/lib'
npm warn tar TAR_ENTRY_ERROR EIO: i/o error, open '/app/node_modules/pino/benchmarks/formatters.bench.js'
npm warn tar TAR_ENTRY_ERROR EIO: i/o error, open '/app/node_modules/fastify/lib/noop-set.js'
npm warn tar TAR_ENTRY_ERROR EIO: i/o error, open '/app/node_modules/pino/test/formatters.test.js'
npm warn tar TAR_ENTRY_ERROR ENOENT: no such file or directory, lstat '/app/node_modules/fast-json-stringify/node_modules/ajv/dist/refs'
npm warn tar TAR_ENTRY_ERROR ENOENT: no such file or directory, lstat '/app/node_modules/pino/benchmarks/utils'
npm warn tar TAR_ENTRY_ERROR EIO: i/o error, open '/app/node_modules/fastify/test/noop-set.test.js'
npm warn tar TAR_ENTRY_ERROR EIO: i/o error, open '/app/node_modules/fastify/test/nullable-validation.test.js'
npm warn tar TAR_ENTRY_ERROR EIO: i/o error, open '/app/node_modules/pino/test/helper.js'
npm warn tar TAR_ENTRY_ERROR ENOENT: no such file or directory, lstat '/app/node_modules/fast-json-stringify/node_modules/ajv/dist/refs'
npm warn tar TAR_ENTRY_ERROR EIO: i/o error, open '/app/node_modules/fastify/test/options.error-handler.test.js'
npm warn tar TAR_ENTRY_ERROR EIO: i/o error, open '/app/node_modules/pino/test/hooks.test.js'
npm warn tar TAR_ENTRY_ERROR ENOENT: no such file or directory, lstat '/app/node_modules/fast-json-stringify/node_modules/ajv/lib'
npm warn tar TAR_ENTRY_ERROR EIO: i/o error, open '/app/node_modules/pino/test/http.test.js'
npm warn tar TAR_ENTRY_ERROR ENOENT: no such file or directory, lstat '/app/node_modules/fastify/test/logger'
npm warn tar TAR_ENTRY_ERROR ENOENT: no such file or directory, lstat '/app/node_modules/pino/test/fixtures/eval'
npm warn tar TAR_ENTRY_ERROR ENOENT: no such file or directory, lstat '/app/node_modules/fast-json-stringify/node_modules/ajv/lib'
npm warn tar TAR_ENTRY_ERROR ENOENT: no such file or directory, lstat '/app/node_modules/pino/test/fixtures/transport'
npm warn tar TAR_ENTRY_ERROR EIO: i/o error, open '/app/node_modules/fastify/test/options.test.js'
npm warn tar TAR_ENTRY_ERROR ENOENT: no such file or directory, lstat '/app/node_modules/fast-json-stringify/node_modules/ajv/dist/refs'
npm warn tar TAR_ENTRY_ERROR ENOENT: no such file or directory, lstat '/app/node_modules/pino/test/pkg'
npm warn tar TAR_ENTRY_ERROR EIO: i/o error, open '/app/node_modules/fastify/test/output-validation.test.js'
npm warn tar TAR_ENTRY_ERROR ENOENT: no such file or directory, lstat '/app/node_modules/fastify/examples/benchmark'
npm warn tar TAR_ENTRY_ERROR EIO: i/o error, open '/app/node_modules/fastify/examples/parser.js'
npm warn tar TAR_ENTRY_ERROR ENOENT: no such file or directory, lstat '/app/node_modules/fast-json-stringify/node_modules/ajv/lib'
npm warn tar TAR_ENTRY_ERROR ENOENT: no such file or directory, lstat '/app/node_modules/pino/test/esm'
npm warn tar TAR_ENTRY_ERROR EIO: i/o error, open '/app/node_modules/fastify/test/patch.error-handler.test.js'
npm warn tar TAR_ENTRY_ERROR EIO: i/o error, write
npm warn tar TAR_ENTRY_ERROR ENOENT: no such file or directory, lstat '/app/node_modules/fast-json-stringify/node_modules/ajv/dist/refs'
npm warn tar TAR_ENTRY_ERROR EIO: i/o error, open '/app/node_modules/pino/test/is-level-enabled.test.js'
npm warn tar TAR_ENTRY_ERROR EIO: i/o error, open '/app/node_modules/fastify/test/patch.test.js'
npm warn tar TAR_ENTRY_ERROR ENOENT: no such file or directory, lstat '/app/node_modules/fastify/test/http2'
npm warn tar TAR_ENTRY_ERROR EIO: i/o error, open '/app/node_modules/@esbuild/linux-x64/package.json'
npm warn tar TAR_ENTRY_ERROR EIO: i/o error, open '/app/node_modules/pino/benchmarks/internal/just-pino-heavy.bench.js'
npm warn tar TAR_ENTRY_ERROR ENOENT: no such file or directory, lstat '/app/node_modules/fast-json-stringify/node_modules/ajv/lib'
npm warn tar TAR_ENTRY_ERROR EIO: i/o error, open '/app/node_modules/@esbuild/linux-x64/README.md'
npm warn tar TAR_ENTRY_ERROR EIO: i/o error, open '/app/node_modules/fastify/test/plugin.1.test.js'
npm warn tar TAR_ENTRY_ERROR ENOENT: no such file or directory, lstat '/app/node_modules/fast-json-stringify/node_modules/ajv/dist/refs'
npm warn tar TAR_ENTRY_ERROR EIO: i/o error, open '/app/node_modules/pino/benchmarks/internal/just-pino.bench.js'
npm warn tar TAR_ENTRY_ERROR EIO: i/o error, open '/app/node_modules/pino/lib/levels.js'
npm warn tar TAR_ENTRY_ERROR EI